2025-04-30 15:30:53,197 - db_helper - INFO - Connection was successful
2025-04-30 15:30:53,197 - db_helper - INFO - Details fetched for date 2025-08-01
2025-04-30 15:31:13,222 - db_helper - INFO - Connection was successful
2025-04-30 15:31:13,222 - db_helper - INFO - Details fetched for date 2025-08-01
2025-04-30 15:37:21,580 - db_helper - INFO - MySQL connection established
2025-04-30 15:37:21,580 - db_helper - INFO - Details fetched for date 2025-08-01
2025-04-30 15:37:21,581 - db_helper - DEBUG - Query result [{'id': 254, 'expense_date': datetime.date(2025, 8, 1), 'amount': 1.0, 'category': 'sachin', 'notes': 'Monthly rent payment'}]
2025-04-30 16:10:26,148 - db_helper - INFO - MySQL connection established
2025-04-30 16:10:26,148 - db_helper - INFO - Details fetched for date 2025-05-01
2025-04-30 16:10:26,148 - db_helper - DEBUG - Query result []
2025-04-30 16:10:54,733 - db_helper - INFO - MySQL connection established
2025-04-30 16:10:54,734 - db_helper - INFO - Details fetched for date 2025-05-02
2025-04-30 16:10:54,734 - db_helper - DEBUG - Query result []
2025-04-30 16:10:58,335 - db_helper - INFO - MySQL connection established
2025-04-30 16:10:58,336 - db_helper - INFO - Details fetched for date 2025-08-02
2025-04-30 16:10:58,336 - db_helper - DEBUG - Query result [{'id': 233, 'expense_date': datetime.date(2025, 8, 2), 'amount': 1200.0, 'category': 'dance', 'notes': 'aise hi'}]
2025-04-30 16:11:00,575 - db_helper - INFO - MySQL connection established
2025-04-30 16:11:00,575 - db_helper - INFO - Details fetched for date 2024-08-02
2025-04-30 16:11:00,576 - db_helper - DEBUG - Query result [{'id': 3, 'expense_date': datetime.date(2024, 8, 2), 'amount': 50.0, 'category': 'Entertainment', 'notes': 'Movie tickets'}, {'id': 4, 'expense_date': datetime.date(2024, 8, 2), 'amount': 150.0, 'category': 'Shopping', 'notes': 'New shoes'}, {'id': 11, 'expense_date': datetime.date(2024, 8, 2), 'amount': 400.0, 'category': 'Food', 'notes': 'Groceries for the week'}, {'id': 12, 'expense_date': datetime.date(2024, 8, 2), 'amount': 80.0, 'category': 'Entertainment', 'notes': 'Concert tickets'}, {'id': 13, 'expense_date': datetime.date(2024, 8, 2), 'amount': 100.0, 'category': 'Shopping', 'notes': 'Clothes'}, {'id': 14, 'expense_date': datetime.date(2024, 8, 2), 'amount': 50.0, 'category': 'Other', 'notes': 'Gasoline'}]
2025-04-30 16:12:36,603 - db_helper - INFO - MySQL connection established
2025-04-30 16:12:36,604 - db_helper - INFO - Details fetched for date 2024-08-02
2025-04-30 16:12:36,606 - db_helper - DEBUG - Query result [{'id': 3, 'expense_date': datetime.date(2024, 8, 2), 'amount': 50.0, 'category': 'Entertainment', 'notes': 'Movie tickets'}, {'id': 4, 'expense_date': datetime.date(2024, 8, 2), 'amount': 150.0, 'category': 'Shopping', 'notes': 'New shoes'}, {'id': 11, 'expense_date': datetime.date(2024, 8, 2), 'amount': 400.0, 'category': 'Food', 'notes': 'Groceries for the week'}, {'id': 12, 'expense_date': datetime.date(2024, 8, 2), 'amount': 80.0, 'category': 'Entertainment', 'notes': 'Concert tickets'}, {'id': 13, 'expense_date': datetime.date(2024, 8, 2), 'amount': 100.0, 'category': 'Shopping', 'notes': 'Clothes'}, {'id': 14, 'expense_date': datetime.date(2024, 8, 2), 'amount': 50.0, 'category': 'Other', 'notes': 'Gasoline'}]
2025-04-30 16:13:49,432 - db_helper - INFO - MySQL connection established
2025-04-30 16:13:49,433 - db_helper - INFO - Details fetched for date 2024-08-02
2025-04-30 16:13:49,438 - db_helper - DEBUG - Query result [{'id': 3, 'expense_date': datetime.date(2024, 8, 2), 'amount': 50.0, 'category': 'Entertainment', 'notes': 'Movie tickets'}, {'id': 4, 'expense_date': datetime.date(2024, 8, 2), 'amount': 150.0, 'category': 'Shopping', 'notes': 'New shoes'}, {'id': 11, 'expense_date': datetime.date(2024, 8, 2), 'amount': 400.0, 'category': 'Food', 'notes': 'Groceries for the week'}, {'id': 12, 'expense_date': datetime.date(2024, 8, 2), 'amount': 80.0, 'category': 'Entertainment', 'notes': 'Concert tickets'}, {'id': 13, 'expense_date': datetime.date(2024, 8, 2), 'amount': 100.0, 'category': 'Shopping', 'notes': 'Clothes'}, {'id': 14, 'expense_date': datetime.date(2024, 8, 2), 'amount': 50.0, 'category': 'Other', 'notes': 'Gasoline'}]
2025-05-01 11:38:05,122 - db_helper - INFO - MySQL connection established
2025-05-01 11:38:05,124 - db_helper - INFO - Details fetched for date 2024-08-02
2025-05-01 11:38:05,136 - db_helper - DEBUG - Query result [{'id': 3, 'expense_date': datetime.date(2024, 8, 2), 'amount': 50.0, 'category': 'Entertainment', 'notes': 'Movie tickets'}, {'id': 4, 'expense_date': datetime.date(2024, 8, 2), 'amount': 150.0, 'category': 'Shopping', 'notes': 'New shoes'}, {'id': 11, 'expense_date': datetime.date(2024, 8, 2), 'amount': 400.0, 'category': 'Food', 'notes': 'Groceries for the week'}, {'id': 12, 'expense_date': datetime.date(2024, 8, 2), 'amount': 80.0, 'category': 'Entertainment', 'notes': 'Concert tickets'}, {'id': 13, 'expense_date': datetime.date(2024, 8, 2), 'amount': 100.0, 'category': 'Shopping', 'notes': 'Clothes'}, {'id': 14, 'expense_date': datetime.date(2024, 8, 2), 'amount': 50.0, 'category': 'Other', 'notes': 'Gasoline'}]
2025-05-01 15:32:37,959 - db_helper - INFO - MySQL connection established
2025-05-01 15:32:37,959 - db_helper - INFO - Details fetched for date 2024-08-02
2025-05-01 15:32:37,975 - db_helper - DEBUG - Query result [{'id': 3, 'expense_date': datetime.date(2024, 8, 2), 'amount': 50.0, 'category': 'Entertainment', 'notes': 'Movie tickets'}, {'id': 4, 'expense_date': datetime.date(2024, 8, 2), 'amount': 150.0, 'category': 'Shopping', 'notes': 'New shoes'}, {'id': 11, 'expense_date': datetime.date(2024, 8, 2), 'amount': 400.0, 'category': 'Food', 'notes': 'Groceries for the week'}, {'id': 12, 'expense_date': datetime.date(2024, 8, 2), 'amount': 80.0, 'category': 'Entertainment', 'notes': 'Concert tickets'}, {'id': 13, 'expense_date': datetime.date(2024, 8, 2), 'amount': 100.0, 'category': 'Shopping', 'notes': 'Clothes'}, {'id': 14, 'expense_date': datetime.date(2024, 8, 2), 'amount': 50.0, 'category': 'Other', 'notes': 'Gasoline'}]
2025-05-01 15:32:42,784 - db_helper - INFO - MySQL connection established
2025-05-01 15:32:42,784 - db_helper - INFO - Details fetched for date 2024-08-01
2025-05-01 15:32:42,785 - db_helper - DEBUG - Query result [{'id': 63, 'expense_date': datetime.date(2024, 8, 1), 'amount': 1227.0, 'category': 'Rent', 'notes': 'Monthly rent payment'}, {'id': 64, 'expense_date': datetime.date(2024, 8, 1), 'amount': 300.0, 'category': 'Food', 'notes': 'Groceries for the week'}, {'id': 65, 'expense_date': datetime.date(2024, 8, 1), 'amount': 1200.0, 'category': 'Rent', 'notes': 'Monthly rent payment'}, {'id': 66, 'expense_date': datetime.date(2024, 8, 1), 'amount': 300.0, 'category': 'Food', 'notes': 'Groceries for the week'}]
2025-05-01 15:32:45,512 - db_helper - INFO - MySQL connection established
2025-05-01 15:32:45,513 - db_helper - INFO - Details fetched for date 2024-08-09
2025-05-01 15:32:45,513 - db_helper - DEBUG - Query result []
2025-05-01 15:32:48,341 - db_helper - INFO - MySQL connection established
2025-05-01 15:32:48,341 - db_helper - INFO - Details fetched for date 2024-08-06
2025-05-01 15:32:48,342 - db_helper - DEBUG - Query result [{'id': 27, 'expense_date': datetime.date(2024, 8, 6), 'amount': 30.0, 'category': 'Food', 'notes': 'Breakfast'}, {'id': 28, 'expense_date': datetime.date(2024, 8, 6), 'amount': 100.0, 'category': 'Shopping', 'notes': 'Shoes'}, {'id': 29, 'expense_date': datetime.date(2024, 8, 6), 'amount': 80.0, 'category': 'Entertainment', 'notes': 'Movies'}, {'id': 30, 'expense_date': datetime.date(2024, 8, 6), 'amount': 15.0, 'category': 'Other', 'notes': 'Public transport'}]
2025-05-01 15:32:52,983 - db_helper - INFO - MySQL connection established
2025-05-01 15:32:52,984 - db_helper - INFO - Details fetched for date 2024-07-04
2025-05-01 15:32:52,984 - db_helper - DEBUG - Query result []
2025-05-01 15:32:55,054 - db_helper - INFO - MySQL connection established
2025-05-01 15:32:55,054 - db_helper - INFO - Details fetched for date 2024-07-08
2025-05-01 15:32:55,054 - db_helper - DEBUG - Query result []
2025-05-01 15:32:56,312 - db_helper - INFO - MySQL connection established
2025-05-01 15:32:56,312 - db_helper - INFO - Details fetched for date 2024-07-12
2025-05-01 15:32:56,313 - db_helper - DEBUG - Query result []
2025-05-01 15:32:57,864 - db_helper - INFO - MySQL connection established
2025-05-01 15:32:57,864 - db_helper - INFO - Details fetched for date 2024-07-17
2025-05-01 15:32:57,865 - db_helper - DEBUG - Query result []
2025-05-01 15:32:59,496 - db_helper - INFO - MySQL connection established
2025-05-01 15:32:59,496 - db_helper - INFO - Details fetched for date 2024-07-26
2025-05-01 15:32:59,497 - db_helper - DEBUG - Query result []
2025-05-01 15:33:56,901 - db_helper - INFO - MySQL connection established
2025-05-01 15:33:56,901 - db_helper - INFO - Details fetched for date 2025-05-01
2025-05-01 15:33:56,903 - db_helper - DEBUG - Query result []
2025-05-01 15:40:35,861 - db_helper - INFO - MySQL connection established
2025-05-01 15:40:35,861 - db_helper - INFO - Details fetched for date 2025-05-01
2025-05-01 15:40:35,862 - db_helper - DEBUG - Query result []
2025-05-01 15:40:42,227 - db_helper - INFO - MySQL connection established
2025-05-01 15:40:42,228 - db_helper - INFO - Details fetched for date 2025-05-01
2025-05-01 15:40:42,229 - db_helper - DEBUG - Query result []
2025-05-01 15:41:16,152 - db_helper - INFO - MySQL connection established
2025-05-01 15:41:16,153 - db_helper - INFO - Details fetched for date 2025-05-01
2025-05-01 15:41:16,154 - db_helper - DEBUG - Query result []
2025-05-01 15:45:56,068 - db_helper - INFO - MySQL connection established
2025-05-01 15:45:56,073 - db_helper - INFO - Details fetched for date 2025-05-01
2025-05-01 15:45:56,074 - db_helper - DEBUG - Query result []
2025-05-01 15:47:58,217 - db_helper - INFO - MySQL connection established
2025-05-01 15:47:58,218 - db_helper - INFO - Details fetched for date 2025-05-01
2025-05-01 15:47:58,219 - db_helper - DEBUG - Query result []
2025-05-01 15:48:11,617 - db_helper - INFO - MySQL connection established
2025-05-01 15:48:11,617 - db_helper - INFO - Details fetched for date 2025-05-01
2025-05-01 15:48:11,618 - db_helper - DEBUG - Query result []
2025-05-01 15:48:54,357 - db_helper - INFO - MySQL connection established
2025-05-01 15:48:54,358 - db_helper - INFO - Details fetched for date 2025-05-01
2025-05-01 15:48:54,359 - db_helper - DEBUG - Query result []
2025-05-01 15:49:07,967 - db_helper - INFO - MySQL connection established
2025-05-01 15:49:07,968 - db_helper - INFO - Details fetched for date 2025-05-01
2025-05-01 15:49:07,969 - db_helper - DEBUG - Query result []
2025-05-01 15:50:08,178 - db_helper - INFO - MySQL connection established
2025-05-01 15:50:08,179 - db_helper - INFO - Details fetched for date 2025-05-01
2025-05-01 15:50:08,180 - db_helper - DEBUG - Query result []
2025-05-01 15:50:23,442 - db_helper - INFO - MySQL connection established
2025-05-01 15:50:23,443 - db_helper - INFO - Details fetched for date 2025-05-01
2025-05-01 15:50:23,444 - db_helper - DEBUG - Query result []
2025-05-01 15:50:25,844 - db_helper - INFO - MySQL connection established
2025-05-01 15:50:25,844 - db_helper - INFO - Details fetched for date 2025-05-01
2025-05-01 15:50:25,844 - db_helper - DEBUG - Query result []
2025-05-01 15:51:42,156 - db_helper - INFO - MySQL connection established
2025-05-01 15:51:42,157 - db_helper - INFO - Details fetched for date 2025-05-01
2025-05-01 15:51:42,159 - db_helper - DEBUG - Query result []
2025-05-01 15:52:15,425 - db_helper - INFO - MySQL connection established
2025-05-01 15:52:15,428 - db_helper - INFO - Details fetched for date 2025-05-01
2025-05-01 15:52:15,430 - db_helper - DEBUG - Query result []
2025-05-01 15:55:27,990 - db_helper - INFO - MySQL connection established
2025-05-01 15:55:27,991 - db_helper - INFO - Details fetched for date 2025-05-01
2025-05-01 15:55:27,992 - db_helper - DEBUG - Query result []
2025-05-01 15:57:59,135 - db_helper - INFO - MySQL connection established
2025-05-01 15:57:59,135 - db_helper - INFO - Details fetched for date 2025-05-01
2025-05-01 15:57:59,136 - db_helper - DEBUG - Query result []
2025-05-01 15:58:11,341 - db_helper - INFO - MySQL connection established
2025-05-01 15:58:11,341 - db_helper - INFO - Details fetched for date 2025-05-01
2025-05-01 15:58:11,345 - db_helper - DEBUG - Query result []
2025-05-01 16:02:25,301 - db_helper - INFO - MySQL connection established
2025-05-01 16:02:25,302 - db_helper - INFO - Details fetched for date 2025-05-01
2025-05-01 16:02:25,303 - db_helper - DEBUG - Query result []
2025-05-01 16:11:58,806 - db_helper - INFO - MySQL connection established
2025-05-01 16:11:58,806 - db_helper - INFO - Details fetched for date 2025-08-01
2025-05-01 16:11:58,807 - db_helper - DEBUG - Query result [{'id': 254, 'expense_date': datetime.date(2025, 8, 1), 'amount': 1.0, 'category': 'sachin', 'notes': 'Monthly rent payment'}]
2025-05-01 16:14:56,861 - db_helper - INFO - MySQL connection established
2025-05-01 16:14:56,863 - db_helper - INFO - Details fetched for date 2025-05-01
2025-05-01 16:14:56,865 - db_helper - DEBUG - Query result []
2025-05-01 16:15:00,584 - db_helper - INFO - MySQL connection established
2025-05-01 16:15:00,584 - db_helper - INFO - Details fetched for date 2025-05-07
2025-05-01 16:15:00,585 - db_helper - DEBUG - Query result []
2025-05-01 16:15:05,007 - db_helper - INFO - MySQL connection established
2025-05-01 16:15:05,008 - db_helper - INFO - Details fetched for date 2024-05-01
2025-05-01 16:15:05,009 - db_helper - DEBUG - Query result []
2025-05-01 16:15:10,680 - db_helper - INFO - MySQL connection established
2025-05-01 16:15:10,680 - db_helper - INFO - Details fetched for date 2024-05-17
2025-05-01 16:15:10,680 - db_helper - DEBUG - Query result []
2025-05-01 16:15:28,934 - db_helper - INFO - MySQL connection established
2025-05-01 16:15:28,934 - db_helper - INFO - Details fetched for date 2024-08-02
2025-05-01 16:15:28,935 - db_helper - DEBUG - Query result [{'id': 3, 'expense_date': datetime.date(2024, 8, 2), 'amount': 50.0, 'category': 'Entertainment', 'notes': 'Movie tickets'}, {'id': 4, 'expense_date': datetime.date(2024, 8, 2), 'amount': 150.0, 'category': 'Shopping', 'notes': 'New shoes'}, {'id': 11, 'expense_date': datetime.date(2024, 8, 2), 'amount': 400.0, 'category': 'Food', 'notes': 'Groceries for the week'}, {'id': 12, 'expense_date': datetime.date(2024, 8, 2), 'amount': 80.0, 'category': 'Entertainment', 'notes': 'Concert tickets'}, {'id': 13, 'expense_date': datetime.date(2024, 8, 2), 'amount': 100.0, 'category': 'Shopping', 'notes': 'Clothes'}, {'id': 14, 'expense_date': datetime.date(2024, 8, 2), 'amount': 50.0, 'category': 'Other', 'notes': 'Gasoline'}]
2025-05-01 16:19:31,943 - db_helper - INFO - MySQL connection established
2025-05-01 16:19:31,943 - db_helper - INFO - Details fetched for date 2024-08-02
2025-05-01 16:19:31,945 - db_helper - DEBUG - Query result [{'id': 3, 'expense_date': datetime.date(2024, 8, 2), 'amount': 50.0, 'category': 'Entertainment', 'notes': 'Movie tickets'}, {'id': 4, 'expense_date': datetime.date(2024, 8, 2), 'amount': 150.0, 'category': 'Shopping', 'notes': 'New shoes'}, {'id': 11, 'expense_date': datetime.date(2024, 8, 2), 'amount': 400.0, 'category': 'Food', 'notes': 'Groceries for the week'}, {'id': 12, 'expense_date': datetime.date(2024, 8, 2), 'amount': 80.0, 'category': 'Entertainment', 'notes': 'Concert tickets'}, {'id': 13, 'expense_date': datetime.date(2024, 8, 2), 'amount': 100.0, 'category': 'Shopping', 'notes': 'Clothes'}, {'id': 14, 'expense_date': datetime.date(2024, 8, 2), 'amount': 50.0, 'category': 'Other', 'notes': 'Gasoline'}]
2025-05-01 16:21:41,948 - db_helper - INFO - MySQL connection established
2025-05-01 16:21:41,953 - db_helper - INFO - Details fetched for date 2024-08-02
2025-05-01 16:21:41,956 - db_helper - DEBUG - Query result [{'id': 3, 'expense_date': datetime.date(2024, 8, 2), 'amount': 50.0, 'category': 'Entertainment', 'notes': 'Movie tickets'}, {'id': 4, 'expense_date': datetime.date(2024, 8, 2), 'amount': 150.0, 'category': 'Shopping', 'notes': 'New shoes'}, {'id': 11, 'expense_date': datetime.date(2024, 8, 2), 'amount': 400.0, 'category': 'Food', 'notes': 'Groceries for the week'}, {'id': 12, 'expense_date': datetime.date(2024, 8, 2), 'amount': 80.0, 'category': 'Entertainment', 'notes': 'Concert tickets'}, {'id': 13, 'expense_date': datetime.date(2024, 8, 2), 'amount': 100.0, 'category': 'Shopping', 'notes': 'Clothes'}, {'id': 14, 'expense_date': datetime.date(2024, 8, 2), 'amount': 50.0, 'category': 'Other', 'notes': 'Gasoline'}]
2025-05-01 16:21:43,286 - db_helper - INFO - MySQL connection established
2025-05-01 16:21:43,286 - db_helper - INFO - Details fetched for date 2024-08-02
2025-05-01 16:21:43,287 - db_helper - DEBUG - Query result [{'id': 3, 'expense_date': datetime.date(2024, 8, 2), 'amount': 50.0, 'category': 'Entertainment', 'notes': 'Movie tickets'}, {'id': 4, 'expense_date': datetime.date(2024, 8, 2), 'amount': 150.0, 'category': 'Shopping', 'notes': 'New shoes'}, {'id': 11, 'expense_date': datetime.date(2024, 8, 2), 'amount': 400.0, 'category': 'Food', 'notes': 'Groceries for the week'}, {'id': 12, 'expense_date': datetime.date(2024, 8, 2), 'amount': 80.0, 'category': 'Entertainment', 'notes': 'Concert tickets'}, {'id': 13, 'expense_date': datetime.date(2024, 8, 2), 'amount': 100.0, 'category': 'Shopping', 'notes': 'Clothes'}, {'id': 14, 'expense_date': datetime.date(2024, 8, 2), 'amount': 50.0, 'category': 'Other', 'notes': 'Gasoline'}]
2025-05-01 16:21:44,145 - db_helper - INFO - MySQL connection established
2025-05-01 16:21:44,145 - db_helper - INFO - Details fetched for date 2024-08-02
2025-05-01 16:21:44,146 - db_helper - DEBUG - Query result [{'id': 3, 'expense_date': datetime.date(2024, 8, 2), 'amount': 50.0, 'category': 'Entertainment', 'notes': 'Movie tickets'}, {'id': 4, 'expense_date': datetime.date(2024, 8, 2), 'amount': 150.0, 'category': 'Shopping', 'notes': 'New shoes'}, {'id': 11, 'expense_date': datetime.date(2024, 8, 2), 'amount': 400.0, 'category': 'Food', 'notes': 'Groceries for the week'}, {'id': 12, 'expense_date': datetime.date(2024, 8, 2), 'amount': 80.0, 'category': 'Entertainment', 'notes': 'Concert tickets'}, {'id': 13, 'expense_date': datetime.date(2024, 8, 2), 'amount': 100.0, 'category': 'Shopping', 'notes': 'Clothes'}, {'id': 14, 'expense_date': datetime.date(2024, 8, 2), 'amount': 50.0, 'category': 'Other', 'notes': 'Gasoline'}]
2025-05-01 16:21:45,411 - db_helper - INFO - MySQL connection established
2025-05-01 16:21:45,411 - db_helper - INFO - Details fetched for date 2024-08-02
2025-05-01 16:21:45,412 - db_helper - DEBUG - Query result [{'id': 3, 'expense_date': datetime.date(2024, 8, 2), 'amount': 50.0, 'category': 'Entertainment', 'notes': 'Movie tickets'}, {'id': 4, 'expense_date': datetime.date(2024, 8, 2), 'amount': 150.0, 'category': 'Shopping', 'notes': 'New shoes'}, {'id': 11, 'expense_date': datetime.date(2024, 8, 2), 'amount': 400.0, 'category': 'Food', 'notes': 'Groceries for the week'}, {'id': 12, 'expense_date': datetime.date(2024, 8, 2), 'amount': 80.0, 'category': 'Entertainment', 'notes': 'Concert tickets'}, {'id': 13, 'expense_date': datetime.date(2024, 8, 2), 'amount': 100.0, 'category': 'Shopping', 'notes': 'Clothes'}, {'id': 14, 'expense_date': datetime.date(2024, 8, 2), 'amount': 50.0, 'category': 'Other', 'notes': 'Gasoline'}]
2025-05-01 16:21:46,323 - db_helper - INFO - MySQL connection established
2025-05-01 16:21:46,323 - db_helper - INFO - Details fetched for date 2024-08-02
2025-05-01 16:21:46,323 - db_helper - DEBUG - Query result [{'id': 3, 'expense_date': datetime.date(2024, 8, 2), 'amount': 50.0, 'category': 'Entertainment', 'notes': 'Movie tickets'}, {'id': 4, 'expense_date': datetime.date(2024, 8, 2), 'amount': 150.0, 'category': 'Shopping', 'notes': 'New shoes'}, {'id': 11, 'expense_date': datetime.date(2024, 8, 2), 'amount': 400.0, 'category': 'Food', 'notes': 'Groceries for the week'}, {'id': 12, 'expense_date': datetime.date(2024, 8, 2), 'amount': 80.0, 'category': 'Entertainment', 'notes': 'Concert tickets'}, {'id': 13, 'expense_date': datetime.date(2024, 8, 2), 'amount': 100.0, 'category': 'Shopping', 'notes': 'Clothes'}, {'id': 14, 'expense_date': datetime.date(2024, 8, 2), 'amount': 50.0, 'category': 'Other', 'notes': 'Gasoline'}]
2025-05-01 16:21:46,629 - db_helper - INFO - MySQL connection established
2025-05-01 16:21:46,629 - db_helper - INFO - Details fetched for date 2024-08-02
2025-05-01 16:21:46,630 - db_helper - DEBUG - Query result [{'id': 3, 'expense_date': datetime.date(2024, 8, 2), 'amount': 50.0, 'category': 'Entertainment', 'notes': 'Movie tickets'}, {'id': 4, 'expense_date': datetime.date(2024, 8, 2), 'amount': 150.0, 'category': 'Shopping', 'notes': 'New shoes'}, {'id': 11, 'expense_date': datetime.date(2024, 8, 2), 'amount': 400.0, 'category': 'Food', 'notes': 'Groceries for the week'}, {'id': 12, 'expense_date': datetime.date(2024, 8, 2), 'amount': 80.0, 'category': 'Entertainment', 'notes': 'Concert tickets'}, {'id': 13, 'expense_date': datetime.date(2024, 8, 2), 'amount': 100.0, 'category': 'Shopping', 'notes': 'Clothes'}, {'id': 14, 'expense_date': datetime.date(2024, 8, 2), 'amount': 50.0, 'category': 'Other', 'notes': 'Gasoline'}]
2025-05-01 16:23:30,255 - db_helper - INFO - MySQL connection established
2025-05-01 16:23:30,258 - db_helper - INFO - Details fetched for date 2024-08-02
2025-05-01 16:23:30,264 - db_helper - DEBUG - Query result [{'id': 3, 'expense_date': datetime.date(2024, 8, 2), 'amount': 50.0, 'category': 'Entertainment', 'notes': 'Movie tickets'}, {'id': 4, 'expense_date': datetime.date(2024, 8, 2), 'amount': 150.0, 'category': 'Shopping', 'notes': 'New shoes'}, {'id': 11, 'expense_date': datetime.date(2024, 8, 2), 'amount': 400.0, 'category': 'Food', 'notes': 'Groceries for the week'}, {'id': 12, 'expense_date': datetime.date(2024, 8, 2), 'amount': 80.0, 'category': 'Entertainment', 'notes': 'Concert tickets'}, {'id': 13, 'expense_date': datetime.date(2024, 8, 2), 'amount': 100.0, 'category': 'Shopping', 'notes': 'Clothes'}, {'id': 14, 'expense_date': datetime.date(2024, 8, 2), 'amount': 50.0, 'category': 'Other', 'notes': 'Gasoline'}]
2025-05-01 16:23:32,547 - db_helper - INFO - MySQL connection established
2025-05-01 16:23:32,547 - db_helper - INFO - Details fetched for date 2024-08-02
2025-05-01 16:23:32,548 - db_helper - DEBUG - Query result [{'id': 3, 'expense_date': datetime.date(2024, 8, 2), 'amount': 50.0, 'category': 'Entertainment', 'notes': 'Movie tickets'}, {'id': 4, 'expense_date': datetime.date(2024, 8, 2), 'amount': 150.0, 'category': 'Shopping', 'notes': 'New shoes'}, {'id': 11, 'expense_date': datetime.date(2024, 8, 2), 'amount': 400.0, 'category': 'Food', 'notes': 'Groceries for the week'}, {'id': 12, 'expense_date': datetime.date(2024, 8, 2), 'amount': 80.0, 'category': 'Entertainment', 'notes': 'Concert tickets'}, {'id': 13, 'expense_date': datetime.date(2024, 8, 2), 'amount': 100.0, 'category': 'Shopping', 'notes': 'Clothes'}, {'id': 14, 'expense_date': datetime.date(2024, 8, 2), 'amount': 50.0, 'category': 'Other', 'notes': 'Gasoline'}]
2025-05-01 16:25:15,599 - db_helper - INFO - MySQL connection established
2025-05-01 16:25:15,600 - db_helper - INFO - Details fetched for date 2024-08-02
2025-05-01 16:25:15,601 - db_helper - DEBUG - Query result [{'id': 3, 'expense_date': datetime.date(2024, 8, 2), 'amount': 50.0, 'category': 'Entertainment', 'notes': 'Movie tickets'}, {'id': 4, 'expense_date': datetime.date(2024, 8, 2), 'amount': 150.0, 'category': 'Shopping', 'notes': 'New shoes'}, {'id': 11, 'expense_date': datetime.date(2024, 8, 2), 'amount': 400.0, 'category': 'Food', 'notes': 'Groceries for the week'}, {'id': 12, 'expense_date': datetime.date(2024, 8, 2), 'amount': 80.0, 'category': 'Entertainment', 'notes': 'Concert tickets'}, {'id': 13, 'expense_date': datetime.date(2024, 8, 2), 'amount': 100.0, 'category': 'Shopping', 'notes': 'Clothes'}, {'id': 14, 'expense_date': datetime.date(2024, 8, 2), 'amount': 50.0, 'category': 'Other', 'notes': 'Gasoline'}]
2025-05-01 16:25:27,027 - db_helper - INFO - MySQL connection established
2025-05-01 16:25:27,027 - db_helper - INFO - Details fetched for date 2024-08-02
2025-05-01 16:25:27,029 - db_helper - DEBUG - Query result [{'id': 3, 'expense_date': datetime.date(2024, 8, 2), 'amount': 50.0, 'category': 'Entertainment', 'notes': 'Movie tickets'}, {'id': 4, 'expense_date': datetime.date(2024, 8, 2), 'amount': 150.0, 'category': 'Shopping', 'notes': 'New shoes'}, {'id': 11, 'expense_date': datetime.date(2024, 8, 2), 'amount': 400.0, 'category': 'Food', 'notes': 'Groceries for the week'}, {'id': 12, 'expense_date': datetime.date(2024, 8, 2), 'amount': 80.0, 'category': 'Entertainment', 'notes': 'Concert tickets'}, {'id': 13, 'expense_date': datetime.date(2024, 8, 2), 'amount': 100.0, 'category': 'Shopping', 'notes': 'Clothes'}, {'id': 14, 'expense_date': datetime.date(2024, 8, 2), 'amount': 50.0, 'category': 'Other', 'notes': 'Gasoline'}]
2025-05-01 16:28:10,186 - db_helper - INFO - MySQL connection established
2025-05-01 16:28:10,186 - db_helper - INFO - Details fetched for date 2024-08-01
2025-05-01 16:28:10,188 - db_helper - DEBUG - Query result [{'id': 63, 'expense_date': datetime.date(2024, 8, 1), 'amount': 1227.0, 'category': 'Rent', 'notes': 'Monthly rent payment'}, {'id': 64, 'expense_date': datetime.date(2024, 8, 1), 'amount': 300.0, 'category': 'Food', 'notes': 'Groceries for the week'}, {'id': 65, 'expense_date': datetime.date(2024, 8, 1), 'amount': 1200.0, 'category': 'Rent', 'notes': 'Monthly rent payment'}, {'id': 66, 'expense_date': datetime.date(2024, 8, 1), 'amount': 300.0, 'category': 'Food', 'notes': 'Groceries for the week'}]
2025-05-01 16:28:15,510 - db_helper - INFO - MySQL connection established
2025-05-01 16:28:15,510 - db_helper - INFO - Details fetched for date 2024-08-03
2025-05-01 16:28:15,511 - db_helper - DEBUG - Query result [{'id': 5, 'expense_date': datetime.date(2024, 8, 3), 'amount': 100.0, 'category': 'Food', 'notes': 'Dinner at a restaurant'}, {'id': 15, 'expense_date': datetime.date(2024, 8, 3), 'amount': 60.0, 'category': 'Food', 'notes': 'Dinner at a restaurant'}, {'id': 16, 'expense_date': datetime.date(2024, 8, 3), 'amount': 20.0, 'category': 'Entertainment', 'notes': 'Video rental'}, {'id': 17, 'expense_date': datetime.date(2024, 8, 3), 'amount': 120.0, 'category': 'Shopping', 'notes': 'Gadgets'}, {'id': 18, 'expense_date': datetime.date(2024, 8, 3), 'amount': 15.0, 'category': 'Other', 'notes': 'Coffee'}]
2025-05-01 16:28:30,095 - db_helper - INFO - MySQL connection established
2025-05-01 16:28:30,095 - db_helper - INFO - Details fetched for date 2024-08-03
2025-05-01 16:28:30,097 - db_helper - DEBUG - Query result [{'id': 5, 'expense_date': datetime.date(2024, 8, 3), 'amount': 100.0, 'category': 'Food', 'notes': 'Dinner at a restaurant'}, {'id': 15, 'expense_date': datetime.date(2024, 8, 3), 'amount': 60.0, 'category': 'Food', 'notes': 'Dinner at a restaurant'}, {'id': 16, 'expense_date': datetime.date(2024, 8, 3), 'amount': 20.0, 'category': 'Entertainment', 'notes': 'Video rental'}, {'id': 17, 'expense_date': datetime.date(2024, 8, 3), 'amount': 120.0, 'category': 'Shopping', 'notes': 'Gadgets'}, {'id': 18, 'expense_date': datetime.date(2024, 8, 3), 'amount': 15.0, 'category': 'Other', 'notes': 'Coffee'}]
2025-05-01 16:28:41,045 - db_helper - INFO - MySQL connection established
2025-05-01 16:28:41,045 - db_helper - INFO - Details fetched for date 2024-08-02
2025-05-01 16:28:41,046 - db_helper - DEBUG - Query result [{'id': 3, 'expense_date': datetime.date(2024, 8, 2), 'amount': 50.0, 'category': 'Entertainment', 'notes': 'Movie tickets'}, {'id': 4, 'expense_date': datetime.date(2024, 8, 2), 'amount': 150.0, 'category': 'Shopping', 'notes': 'New shoes'}, {'id': 11, 'expense_date': datetime.date(2024, 8, 2), 'amount': 400.0, 'category': 'Food', 'notes': 'Groceries for the week'}, {'id': 12, 'expense_date': datetime.date(2024, 8, 2), 'amount': 80.0, 'category': 'Entertainment', 'notes': 'Concert tickets'}, {'id': 13, 'expense_date': datetime.date(2024, 8, 2), 'amount': 100.0, 'category': 'Shopping', 'notes': 'Clothes'}, {'id': 14, 'expense_date': datetime.date(2024, 8, 2), 'amount': 50.0, 'category': 'Other', 'notes': 'Gasoline'}]
2025-05-01 16:38:53,812 - db_helper - INFO - MySQL connection established
2025-05-01 16:38:53,813 - db_helper - INFO - Details fetched for date 2024-08-02
2025-05-01 16:38:53,814 - db_helper - DEBUG - Query result [{'id': 3, 'expense_date': datetime.date(2024, 8, 2), 'amount': 50.0, 'category': 'Entertainment', 'notes': 'Movie tickets'}, {'id': 4, 'expense_date': datetime.date(2024, 8, 2), 'amount': 150.0, 'category': 'Shopping', 'notes': 'New shoes'}, {'id': 11, 'expense_date': datetime.date(2024, 8, 2), 'amount': 400.0, 'category': 'Food', 'notes': 'Groceries for the week'}, {'id': 12, 'expense_date': datetime.date(2024, 8, 2), 'amount': 80.0, 'category': 'Entertainment', 'notes': 'Concert tickets'}, {'id': 13, 'expense_date': datetime.date(2024, 8, 2), 'amount': 100.0, 'category': 'Shopping', 'notes': 'Clothes'}, {'id': 14, 'expense_date': datetime.date(2024, 8, 2), 'amount': 50.0, 'category': 'Other', 'notes': 'Gasoline'}]
2025-05-01 16:38:57,013 - db_helper - INFO - MySQL connection established
2025-05-01 16:38:57,013 - db_helper - INFO - Details fetched for date 2024-08-04
2025-05-01 16:38:57,014 - db_helper - DEBUG - Query result [{'id': 19, 'expense_date': datetime.date(2024, 8, 4), 'amount': 25.0, 'category': 'Food', 'notes': 'Lunch'}, {'id': 20, 'expense_date': datetime.date(2024, 8, 4), 'amount': 200.0, 'category': 'Shopping', 'notes': 'Home supplies'}, {'id': 21, 'expense_date': datetime.date(2024, 8, 4), 'amount': 10.0, 'category': 'Other', 'notes': 'Parking'}]
2025-05-01 16:38:59,349 - db_helper - INFO - MySQL connection established
2025-05-01 16:38:59,349 - db_helper - INFO - Details fetched for date 2024-08-05
2025-05-01 16:38:59,350 - db_helper - DEBUG - Query result [{'id': 22, 'expense_date': datetime.date(2024, 8, 5), 'amount': 350.0, 'category': 'Rent', 'notes': 'Shared rent payment'}, {'id': 23, 'expense_date': datetime.date(2024, 8, 5), 'amount': 40.0, 'category': 'Food', 'notes': 'Snacks'}, {'id': 24, 'expense_date': datetime.date(2024, 8, 5), 'amount': 75.0, 'category': 'Entertainment', 'notes': 'Theater tickets'}, {'id': 25, 'expense_date': datetime.date(2024, 8, 5), 'amount': 100.0, 'category': 'Shopping', 'notes': 'Books'}, {'id': 26, 'expense_date': datetime.date(2024, 8, 5), 'amount': 15.0, 'category': 'Other', 'notes': 'Miscellaneous'}]
2025-05-01 16:39:01,730 - db_helper - INFO - MySQL connection established
2025-05-01 16:39:01,730 - db_helper - INFO - Details fetched for date 2024-08-06
2025-05-01 16:39:01,731 - db_helper - DEBUG - Query result [{'id': 27, 'expense_date': datetime.date(2024, 8, 6), 'amount': 30.0, 'category': 'Food', 'notes': 'Breakfast'}, {'id': 28, 'expense_date': datetime.date(2024, 8, 6), 'amount': 100.0, 'category': 'Shopping', 'notes': 'Shoes'}, {'id': 29, 'expense_date': datetime.date(2024, 8, 6), 'amount': 80.0, 'category': 'Entertainment', 'notes': 'Movies'}, {'id': 30, 'expense_date': datetime.date(2024, 8, 6), 'amount': 15.0, 'category': 'Other', 'notes': 'Public transport'}]
2025-05-01 16:39:03,879 - db_helper - INFO - MySQL connection established
2025-05-01 16:39:03,879 - db_helper - INFO - Details fetched for date 2024-08-07
2025-05-01 16:39:03,880 - db_helper - DEBUG - Query result []
2025-05-01 16:39:36,122 - db_helper - INFO - MySQL connection established
2025-05-01 16:39:36,123 - db_helper - INFO - Details fetched for date 2024-08-07
2025-05-01 16:39:36,124 - db_helper - DEBUG - Query result []
2025-05-01 16:46:07,320 - db_helper - INFO - MySQL connection established
2025-05-01 16:46:07,321 - db_helper - INFO - Details fetched for date 2024-08-07
2025-05-01 16:46:07,338 - db_helper - DEBUG - Query result []
2025-05-01 16:46:09,908 - db_helper - INFO - MySQL connection established
2025-05-01 16:46:09,908 - db_helper - INFO - Details fetched for date 2024-08-07
2025-05-01 16:46:09,909 - db_helper - DEBUG - Query result []
2025-05-01 16:46:37,514 - db_helper - INFO - MySQL connection established
2025-05-01 16:46:37,514 - db_helper - INFO - Details fetched for date 2024-08-07
2025-05-01 16:46:37,516 - db_helper - DEBUG - Query result []
2025-05-01 16:47:55,617 - db_helper - INFO - MySQL connection established
2025-05-01 16:47:55,619 - db_helper - INFO - Details fetched for date 2024-08-07
2025-05-01 16:47:55,627 - db_helper - DEBUG - Query result []
2025-05-01 16:49:42,639 - db_helper - INFO - MySQL connection established
2025-05-01 16:49:42,640 - db_helper - INFO - Details fetched for date 2024-08-07
2025-05-01 16:49:42,641 - db_helper - DEBUG - Query result []
2025-05-01 16:49:44,262 - db_helper - INFO - MySQL connection established
2025-05-01 16:49:44,263 - db_helper - INFO - Details fetched for date 2024-08-07
2025-05-01 16:49:44,263 - db_helper - DEBUG - Query result []
2025-05-01 16:49:44,297 - db_helper - INFO - MySQL connection established
2025-05-01 16:49:44,301 - db_helper - INFO - Transaction Committed
2025-05-01 16:49:44,307 - db_helper - INFO - MySQL connection established
2025-05-01 16:49:44,316 - db_helper - INFO - Transaction Committed
2025-05-01 16:50:34,286 - db_helper - INFO - MySQL connection established
2025-05-01 16:50:34,287 - db_helper - INFO - Details fetched for date 2024-08-07
2025-05-01 16:50:34,289 - db_helper - DEBUG - Query result [{'id': 255, 'expense_date': datetime.date(2024, 8, 7), 'amount': 120.0, 'category': 'Shopping', 'notes': 'bought a Parker pen'}]
2025-05-01 16:50:34,313 - db_helper - INFO - MySQL connection established
2025-05-01 16:50:34,327 - db_helper - INFO - Transaction Committed
2025-05-01 16:50:34,334 - db_helper - INFO - MySQL connection established
2025-05-01 16:50:34,336 - db_helper - INFO - Transaction Committed
2025-05-01 16:50:34,342 - db_helper - INFO - MySQL connection established
2025-05-01 16:50:34,344 - db_helper - INFO - Transaction Committed
2025-05-01 16:50:53,668 - db_helper - INFO - MySQL connection established
2025-05-01 16:50:53,669 - db_helper - INFO - Details fetched for date 2024-08-07
2025-05-01 16:50:53,670 - db_helper - DEBUG - Query result [{'id': 256, 'expense_date': datetime.date(2024, 8, 7), 'amount': 120.0, 'category': 'Shopping', 'notes': 'bought a Parker pen'}, {'id': 257, 'expense_date': datetime.date(2024, 8, 7), 'amount': 111.0, 'category': 'Other', 'notes': 'bmw car'}]
2025-05-01 16:50:53,696 - db_helper - INFO - MySQL connection established
2025-05-01 16:50:53,698 - db_helper - INFO - Transaction Committed
2025-05-01 16:50:53,705 - db_helper - INFO - MySQL connection established
2025-05-01 16:50:53,706 - db_helper - INFO - Transaction Committed
2025-05-01 16:50:53,713 - db_helper - INFO - MySQL connection established
2025-05-01 16:50:53,714 - db_helper - INFO - Transaction Committed
2025-05-01 16:51:36,031 - db_helper - INFO - MySQL connection established
2025-05-01 16:51:36,032 - db_helper - INFO - Details fetched for date 2024-08-07
2025-05-01 16:51:36,033 - db_helper - DEBUG - Query result [{'id': 258, 'expense_date': datetime.date(2024, 8, 7), 'amount': 1200.0, 'category': 'Shopping', 'notes': 'bought a Parker pen'}, {'id': 259, 'expense_date': datetime.date(2024, 8, 7), 'amount': 111.0, 'category': 'Other', 'notes': 'bmw car'}]
2025-05-01 16:51:37,862 - db_helper - INFO - MySQL connection established
2025-05-01 16:51:37,862 - db_helper - INFO - Details fetched for date 2024-08-07
2025-05-01 16:51:37,863 - db_helper - DEBUG - Query result [{'id': 258, 'expense_date': datetime.date(2024, 8, 7), 'amount': 1200.0, 'category': 'Shopping', 'notes': 'bought a Parker pen'}, {'id': 259, 'expense_date': datetime.date(2024, 8, 7), 'amount': 111.0, 'category': 'Other', 'notes': 'bmw car'}]
2025-05-01 16:51:37,889 - db_helper - INFO - MySQL connection established
2025-05-01 16:51:37,891 - db_helper - INFO - Transaction Committed
2025-05-01 16:51:37,900 - db_helper - INFO - MySQL connection established
2025-05-01 16:51:37,901 - db_helper - INFO - Transaction Committed
2025-05-01 16:51:37,907 - db_helper - INFO - MySQL connection established
2025-05-01 16:51:37,907 - db_helper - INFO - Transaction Committed
2025-05-01 16:51:53,621 - db_helper - INFO - MySQL connection established
2025-05-01 16:51:53,622 - db_helper - INFO - Details fetched for date 2024-08-07
2025-05-01 16:51:53,626 - db_helper - DEBUG - Query result [{'id': 260, 'expense_date': datetime.date(2024, 8, 7), 'amount': 1200.0, 'category': 'Shopping', 'notes': 'bought a Parker pen'}, {'id': 261, 'expense_date': datetime.date(2024, 8, 7), 'amount': 111.0, 'category': 'Other', 'notes': 'bmw car'}]
2025-05-01 16:51:55,696 - db_helper - INFO - MySQL connection established
2025-05-01 16:51:55,696 - db_helper - INFO - Details fetched for date 2024-08-07
2025-05-01 16:51:55,697 - db_helper - DEBUG - Query result [{'id': 260, 'expense_date': datetime.date(2024, 8, 7), 'amount': 1200.0, 'category': 'Shopping', 'notes': 'bought a Parker pen'}, {'id': 261, 'expense_date': datetime.date(2024, 8, 7), 'amount': 111.0, 'category': 'Other', 'notes': 'bmw car'}]
2025-05-01 16:51:55,723 - db_helper - INFO - MySQL connection established
2025-05-01 16:51:55,725 - db_helper - INFO - Transaction Committed
2025-05-01 16:51:55,732 - db_helper - INFO - MySQL connection established
2025-05-01 16:51:55,734 - db_helper - INFO - Transaction Committed
2025-05-01 16:51:55,742 - db_helper - INFO - MySQL connection established
2025-05-01 16:51:55,744 - db_helper - INFO - Transaction Committed
2025-05-01 16:53:18,136 - db_helper - INFO - MySQL connection established
2025-05-01 16:53:18,137 - db_helper - INFO - Details fetched for date 2024-08-01
2025-05-01 16:53:18,139 - db_helper - DEBUG - Query result [{'id': 63, 'expense_date': datetime.date(2024, 8, 1), 'amount': 1227.0, 'category': 'Rent', 'notes': 'Monthly rent payment'}, {'id': 64, 'expense_date': datetime.date(2024, 8, 1), 'amount': 300.0, 'category': 'Food', 'notes': 'Groceries for the week'}, {'id': 65, 'expense_date': datetime.date(2024, 8, 1), 'amount': 1200.0, 'category': 'Rent', 'notes': 'Monthly rent payment'}, {'id': 66, 'expense_date': datetime.date(2024, 8, 1), 'amount': 300.0, 'category': 'Food', 'notes': 'Groceries for the week'}]
2025-05-01 16:53:21,792 - db_helper - INFO - MySQL connection established
2025-05-01 16:53:21,792 - db_helper - INFO - Details fetched for date 2024-08-07
2025-05-01 16:53:21,793 - db_helper - DEBUG - Query result [{'id': 262, 'expense_date': datetime.date(2024, 8, 7), 'amount': 1200.0, 'category': 'Shopping', 'notes': 'bought a Parker pen'}, {'id': 263, 'expense_date': datetime.date(2024, 8, 7), 'amount': 111.0, 'category': 'Other', 'notes': 'bmw car'}]
2025-05-01 17:31:54,115 - db_helper - INFO - MySQL connection established
2025-05-01 17:32:07,190 - db_helper - INFO - MySQL connection established
2025-05-01 17:33:02,608 - db_helper - INFO - MySQL connection established
2025-05-01 17:33:09,282 - db_helper - INFO - MySQL connection established
2025-05-01 17:33:32,512 - db_helper - INFO - MySQL connection established
2025-05-01 17:34:06,789 - db_helper - INFO - MySQL connection established
2025-05-01 17:34:22,875 - db_helper - INFO - MySQL connection established
2025-05-01 17:35:29,092 - db_helper - INFO - MySQL connection established
2025-05-01 17:39:01,100 - db_helper - INFO - MySQL connection established
2025-05-01 17:40:20,975 - db_helper - INFO - MySQL connection established
2025-05-01 17:41:06,698 - db_helper - INFO - MySQL connection established
2025-05-01 17:42:17,152 - db_helper - INFO - MySQL connection established
2025-05-01 17:44:36,660 - db_helper - INFO - MySQL connection established
2025-05-01 17:44:44,920 - db_helper - INFO - MySQL connection established
2025-05-01 17:44:51,071 - db_helper - INFO - MySQL connection established
2025-05-01 17:45:05,639 - db_helper - INFO - MySQL connection established
2025-05-01 17:47:45,987 - db_helper - INFO - MySQL connection established
2025-05-01 17:55:33,430 - db_helper - INFO - MySQL connection established
2025-05-01 18:05:59,826 - db_helper - INFO - MySQL connection established
2025-05-01 18:08:01,934 - db_helper - INFO - MySQL connection established
2025-05-01 18:09:36,723 - db_helper - INFO - MySQL connection established
2025-05-01 18:33:41,126 - db_helper - INFO - MySQL connection established
2025-05-01 18:33:41,127 - db_helper - INFO - Details fetched for date 2024-08-07
2025-05-01 18:33:41,140 - db_helper - DEBUG - Query result [{'id': 262, 'expense_date': datetime.date(2024, 8, 7), 'amount': 1200.0, 'category': 'Shopping', 'notes': 'bought a Parker pen'}, {'id': 263, 'expense_date': datetime.date(2024, 8, 7), 'amount': 111.0, 'category': 'Other', 'notes': 'bmw car'}]
2025-05-01 18:44:38,880 - db_helper - INFO - MySQL connection established
2025-05-01 18:44:38,881 - db_helper - INFO - Details fetched for date 2024-08-07
2025-05-01 18:44:38,896 - db_helper - DEBUG - Query result [{'id': 262, 'expense_date': datetime.date(2024, 8, 7), 'amount': 1200.0, 'category': 'Shopping', 'notes': 'bought a Parker pen'}, {'id': 263, 'expense_date': datetime.date(2024, 8, 7), 'amount': 111.0, 'category': 'Other', 'notes': 'bmw car'}]
2025-05-01 18:46:55,029 - db_helper - INFO - MySQL connection established
2025-05-01 18:46:55,030 - db_helper - INFO - Details fetched for date 2024-08-07
2025-05-01 18:46:55,031 - db_helper - DEBUG - Query result [{'id': 262, 'expense_date': datetime.date(2024, 8, 7), 'amount': 1200.0, 'category': 'Shopping', 'notes': 'bought a Parker pen'}, {'id': 263, 'expense_date': datetime.date(2024, 8, 7), 'amount': 111.0, 'category': 'Other', 'notes': 'bmw car'}]
2025-05-01 18:47:20,797 - db_helper - INFO - MySQL connection established
2025-05-01 18:47:20,799 - db_helper - INFO - Details fetched for date 2024-08-07
2025-05-01 18:47:20,801 - db_helper - DEBUG - Query result [{'id': 262, 'expense_date': datetime.date(2024, 8, 7), 'amount': 1200.0, 'category': 'Shopping', 'notes': 'bought a Parker pen'}, {'id': 263, 'expense_date': datetime.date(2024, 8, 7), 'amount': 111.0, 'category': 'Other', 'notes': 'bmw car'}]
2025-05-01 18:47:32,552 - db_helper - INFO - MySQL connection established
2025-05-01 18:47:32,553 - db_helper - INFO - Details fetched for date 2024-08-07
2025-05-01 18:47:32,554 - db_helper - DEBUG - Query result [{'id': 262, 'expense_date': datetime.date(2024, 8, 7), 'amount': 1200.0, 'category': 'Shopping', 'notes': 'bought a Parker pen'}, {'id': 263, 'expense_date': datetime.date(2024, 8, 7), 'amount': 111.0, 'category': 'Other', 'notes': 'bmw car'}]
2025-05-01 18:48:09,786 - db_helper - INFO - MySQL connection established
2025-05-01 18:48:09,787 - db_helper - INFO - Details fetched for date 2024-08-07
2025-05-01 18:48:09,789 - db_helper - DEBUG - Query result [{'id': 262, 'expense_date': datetime.date(2024, 8, 7), 'amount': 1200.0, 'category': 'Shopping', 'notes': 'bought a Parker pen'}, {'id': 263, 'expense_date': datetime.date(2024, 8, 7), 'amount': 111.0, 'category': 'Other', 'notes': 'bmw car'}]
2025-05-01 18:48:11,101 - db_helper - INFO - MySQL connection established
2025-05-01 18:48:11,101 - db_helper - INFO - Details fetched for date 2024-08-07
2025-05-01 18:48:11,101 - db_helper - DEBUG - Query result [{'id': 262, 'expense_date': datetime.date(2024, 8, 7), 'amount': 1200.0, 'category': 'Shopping', 'notes': 'bought a Parker pen'}, {'id': 263, 'expense_date': datetime.date(2024, 8, 7), 'amount': 111.0, 'category': 'Other', 'notes': 'bmw car'}]
2025-05-01 18:49:41,644 - db_helper - INFO - MySQL connection established
2025-05-01 18:49:41,645 - db_helper - INFO - Details fetched for date 2024-08-07
2025-05-01 18:49:41,648 - db_helper - DEBUG - Query result [{'id': 262, 'expense_date': datetime.date(2024, 8, 7), 'amount': 1200.0, 'category': 'Shopping', 'notes': 'bought a Parker pen'}, {'id': 263, 'expense_date': datetime.date(2024, 8, 7), 'amount': 111.0, 'category': 'Other', 'notes': 'bmw car'}]
2025-05-01 18:49:58,779 - db_helper - INFO - MySQL connection established
2025-05-01 18:49:58,780 - db_helper - INFO - Details fetched for date 2024-08-07
2025-05-01 18:49:58,781 - db_helper - DEBUG - Query result [{'id': 262, 'expense_date': datetime.date(2024, 8, 7), 'amount': 1200.0, 'category': 'Shopping', 'notes': 'bought a Parker pen'}, {'id': 263, 'expense_date': datetime.date(2024, 8, 7), 'amount': 111.0, 'category': 'Other', 'notes': 'bmw car'}]
2025-05-01 18:51:59,088 - db_helper - INFO - MySQL connection established
2025-05-01 18:51:59,090 - db_helper - INFO - Details fetched for date 2024-08-07
2025-05-01 18:51:59,091 - db_helper - DEBUG - Query result [{'id': 262, 'expense_date': datetime.date(2024, 8, 7), 'amount': 1200.0, 'category': 'Shopping', 'notes': 'bought a Parker pen'}, {'id': 263, 'expense_date': datetime.date(2024, 8, 7), 'amount': 111.0, 'category': 'Other', 'notes': 'bmw car'}]
2025-05-01 18:52:00,274 - db_helper - INFO - MySQL connection established
2025-05-01 18:52:00,274 - db_helper - INFO - Details fetched for date 2024-08-07
2025-05-01 18:52:00,275 - db_helper - DEBUG - Query result [{'id': 262, 'expense_date': datetime.date(2024, 8, 7), 'amount': 1200.0, 'category': 'Shopping', 'notes': 'bought a Parker pen'}, {'id': 263, 'expense_date': datetime.date(2024, 8, 7), 'amount': 111.0, 'category': 'Other', 'notes': 'bmw car'}]
2025-05-01 18:56:37,005 - db_helper - INFO - MySQL connection established
2025-05-01 18:56:37,005 - db_helper - INFO - Details fetched for date 2024-08-07
2025-05-01 18:56:37,007 - db_helper - DEBUG - Query result [{'id': 262, 'expense_date': datetime.date(2024, 8, 7), 'amount': 1200.0, 'category': 'Shopping', 'notes': 'bought a Parker pen'}, {'id': 263, 'expense_date': datetime.date(2024, 8, 7), 'amount': 111.0, 'category': 'Other', 'notes': 'bmw car'}]
2025-05-01 18:56:38,579 - db_helper - INFO - MySQL connection established
2025-05-01 18:56:38,579 - db_helper - INFO - Details fetched for date 2024-08-07
2025-05-01 18:56:38,580 - db_helper - DEBUG - Query result [{'id': 262, 'expense_date': datetime.date(2024, 8, 7), 'amount': 1200.0, 'category': 'Shopping', 'notes': 'bought a Parker pen'}, {'id': 263, 'expense_date': datetime.date(2024, 8, 7), 'amount': 111.0, 'category': 'Other', 'notes': 'bmw car'}]
2025-05-01 18:56:38,610 - db_helper - INFO - MySQL connection established
2025-05-01 18:56:40,493 - db_helper - INFO - MySQL connection established
2025-05-01 18:56:40,493 - db_helper - INFO - Details fetched for date 2024-08-07
2025-05-01 18:56:40,494 - db_helper - DEBUG - Query result [{'id': 262, 'expense_date': datetime.date(2024, 8, 7), 'amount': 1200.0, 'category': 'Shopping', 'notes': 'bought a Parker pen'}, {'id': 263, 'expense_date': datetime.date(2024, 8, 7), 'amount': 111.0, 'category': 'Other', 'notes': 'bmw car'}]
2025-05-01 18:56:40,525 - db_helper - INFO - MySQL connection established
2025-05-01 18:56:45,973 - db_helper - INFO - MySQL connection established
2025-05-01 18:56:45,974 - db_helper - INFO - Details fetched for date 2024-08-07
2025-05-01 18:56:45,975 - db_helper - DEBUG - Query result [{'id': 262, 'expense_date': datetime.date(2024, 8, 7), 'amount': 1200.0, 'category': 'Shopping', 'notes': 'bought a Parker pen'}, {'id': 263, 'expense_date': datetime.date(2024, 8, 7), 'amount': 111.0, 'category': 'Other', 'notes': 'bmw car'}]
2025-05-01 18:56:49,259 - db_helper - INFO - MySQL connection established
2025-05-01 18:56:49,259 - db_helper - INFO - Details fetched for date 2024-08-07
2025-05-01 18:56:49,260 - db_helper - DEBUG - Query result [{'id': 262, 'expense_date': datetime.date(2024, 8, 7), 'amount': 1200.0, 'category': 'Shopping', 'notes': 'bought a Parker pen'}, {'id': 263, 'expense_date': datetime.date(2024, 8, 7), 'amount': 111.0, 'category': 'Other', 'notes': 'bmw car'}]
2025-05-01 18:56:49,287 - db_helper - INFO - MySQL connection established
2025-05-01 18:57:02,178 - db_helper - INFO - MySQL connection established
2025-05-01 18:57:02,179 - db_helper - INFO - Details fetched for date 2024-08-07
2025-05-01 18:57:02,180 - db_helper - DEBUG - Query result [{'id': 262, 'expense_date': datetime.date(2024, 8, 7), 'amount': 1200.0, 'category': 'Shopping', 'notes': 'bought a Parker pen'}, {'id': 263, 'expense_date': datetime.date(2024, 8, 7), 'amount': 111.0, 'category': 'Other', 'notes': 'bmw car'}]
2025-05-01 18:57:02,209 - db_helper - INFO - MySQL connection established
2025-05-01 18:57:25,056 - db_helper - INFO - MySQL connection established
2025-05-01 18:57:25,057 - db_helper - INFO - Details fetched for date 2024-08-07
2025-05-01 18:57:25,058 - db_helper - DEBUG - Query result [{'id': 262, 'expense_date': datetime.date(2024, 8, 7), 'amount': 1200.0, 'category': 'Shopping', 'notes': 'bought a Parker pen'}, {'id': 263, 'expense_date': datetime.date(2024, 8, 7), 'amount': 111.0, 'category': 'Other', 'notes': 'bmw car'}]
2025-05-01 18:57:25,097 - db_helper - INFO - MySQL connection established
2025-05-01 18:58:14,418 - db_helper - INFO - MySQL connection established
2025-05-01 18:58:30,803 - db_helper - INFO - MySQL connection established
2025-05-01 18:58:30,804 - db_helper - INFO - Details fetched for date 2024-08-07
2025-05-01 18:58:30,805 - db_helper - DEBUG - Query result [{'id': 262, 'expense_date': datetime.date(2024, 8, 7), 'amount': 1200.0, 'category': 'Shopping', 'notes': 'bought a Parker pen'}, {'id': 263, 'expense_date': datetime.date(2024, 8, 7), 'amount': 111.0, 'category': 'Other', 'notes': 'bmw car'}]
2025-05-01 18:58:40,487 - db_helper - INFO - MySQL connection established
2025-05-01 18:58:40,487 - db_helper - INFO - Details fetched for date 2024-08-07
2025-05-01 18:58:40,488 - db_helper - DEBUG - Query result [{'id': 262, 'expense_date': datetime.date(2024, 8, 7), 'amount': 1200.0, 'category': 'Shopping', 'notes': 'bought a Parker pen'}, {'id': 263, 'expense_date': datetime.date(2024, 8, 7), 'amount': 111.0, 'category': 'Other', 'notes': 'bmw car'}]
2025-05-01 18:58:41,600 - db_helper - INFO - MySQL connection established
2025-05-01 18:58:41,600 - db_helper - INFO - Details fetched for date 2024-08-07
2025-05-01 18:58:41,600 - db_helper - DEBUG - Query result [{'id': 262, 'expense_date': datetime.date(2024, 8, 7), 'amount': 1200.0, 'category': 'Shopping', 'notes': 'bought a Parker pen'}, {'id': 263, 'expense_date': datetime.date(2024, 8, 7), 'amount': 111.0, 'category': 'Other', 'notes': 'bmw car'}]
2025-05-01 18:58:41,618 - db_helper - INFO - MySQL connection established
2025-05-01 18:59:37,100 - db_helper - INFO - MySQL connection established
2025-05-01 18:59:37,102 - db_helper - INFO - Details fetched for date 2024-08-07
2025-05-01 18:59:37,104 - db_helper - DEBUG - Query result [{'id': 262, 'expense_date': datetime.date(2024, 8, 7), 'amount': 1200.0, 'category': 'Shopping', 'notes': 'bought a Parker pen'}, {'id': 263, 'expense_date': datetime.date(2024, 8, 7), 'amount': 111.0, 'category': 'Other', 'notes': 'bmw car'}]
2025-05-01 18:59:37,135 - db_helper - INFO - MySQL connection established
2025-05-01 19:02:15,350 - db_helper - INFO - MySQL connection established
2025-05-01 19:02:15,351 - db_helper - INFO - Details fetched for date 2024-08-07
2025-05-01 19:02:15,352 - db_helper - DEBUG - Query result [{'id': 262, 'expense_date': datetime.date(2024, 8, 7), 'amount': 1200.0, 'category': 'Shopping', 'notes': 'bought a Parker pen'}, {'id': 263, 'expense_date': datetime.date(2024, 8, 7), 'amount': 111.0, 'category': 'Other', 'notes': 'bmw car'}]
2025-05-01 19:02:16,182 - db_helper - INFO - MySQL connection established
2025-05-01 19:02:16,183 - db_helper - INFO - Details fetched for date 2024-08-07
2025-05-01 19:02:16,184 - db_helper - DEBUG - Query result [{'id': 262, 'expense_date': datetime.date(2024, 8, 7), 'amount': 1200.0, 'category': 'Shopping', 'notes': 'bought a Parker pen'}, {'id': 263, 'expense_date': datetime.date(2024, 8, 7), 'amount': 111.0, 'category': 'Other', 'notes': 'bmw car'}]
2025-05-01 19:02:16,210 - db_helper - INFO - MySQL connection established
2025-05-01 19:02:25,977 - db_helper - INFO - MySQL connection established
2025-05-01 19:02:25,977 - db_helper - INFO - Details fetched for date 2024-08-07
2025-05-01 19:02:25,978 - db_helper - DEBUG - Query result [{'id': 262, 'expense_date': datetime.date(2024, 8, 7), 'amount': 1200.0, 'category': 'Shopping', 'notes': 'bought a Parker pen'}, {'id': 263, 'expense_date': datetime.date(2024, 8, 7), 'amount': 111.0, 'category': 'Other', 'notes': 'bmw car'}]
2025-05-01 19:02:26,011 - db_helper - INFO - MySQL connection established
2025-05-01 19:04:12,652 - db_helper - INFO - MySQL connection established
2025-05-01 19:04:12,652 - db_helper - INFO - Details fetched for date 2024-08-07
2025-05-01 19:04:12,653 - db_helper - DEBUG - Query result [{'id': 262, 'expense_date': datetime.date(2024, 8, 7), 'amount': 1200.0, 'category': 'Shopping', 'notes': 'bought a Parker pen'}, {'id': 263, 'expense_date': datetime.date(2024, 8, 7), 'amount': 111.0, 'category': 'Other', 'notes': 'bmw car'}]
2025-05-01 19:04:13,564 - db_helper - INFO - MySQL connection established
2025-05-01 19:04:13,564 - db_helper - INFO - Details fetched for date 2024-08-07
2025-05-01 19:04:13,565 - db_helper - DEBUG - Query result [{'id': 262, 'expense_date': datetime.date(2024, 8, 7), 'amount': 1200.0, 'category': 'Shopping', 'notes': 'bought a Parker pen'}, {'id': 263, 'expense_date': datetime.date(2024, 8, 7), 'amount': 111.0, 'category': 'Other', 'notes': 'bmw car'}]
2025-05-01 19:04:13,592 - db_helper - INFO - MySQL connection established
2025-05-01 19:04:48,185 - db_helper - INFO - MySQL connection established
2025-05-01 19:04:48,187 - db_helper - INFO - Details fetched for date 2024-08-07
2025-05-01 19:04:48,188 - db_helper - DEBUG - Query result [{'id': 262, 'expense_date': datetime.date(2024, 8, 7), 'amount': 1200.0, 'category': 'Shopping', 'notes': 'bought a Parker pen'}, {'id': 263, 'expense_date': datetime.date(2024, 8, 7), 'amount': 111.0, 'category': 'Other', 'notes': 'bmw car'}]
2025-05-01 19:04:48,215 - db_helper - INFO - MySQL connection established
2025-05-01 19:05:26,859 - db_helper - INFO - MySQL connection established
2025-05-01 19:05:26,859 - db_helper - INFO - Details fetched for date 2024-08-07
2025-05-01 19:05:26,860 - db_helper - DEBUG - Query result [{'id': 262, 'expense_date': datetime.date(2024, 8, 7), 'amount': 1200.0, 'category': 'Shopping', 'notes': 'bought a Parker pen'}, {'id': 263, 'expense_date': datetime.date(2024, 8, 7), 'amount': 111.0, 'category': 'Other', 'notes': 'bmw car'}]
2025-05-01 19:05:26,880 - db_helper - INFO - MySQL connection established
2025-05-01 19:05:55,684 - db_helper - INFO - MySQL connection established
2025-05-01 19:06:07,072 - db_helper - INFO - MySQL connection established
2025-05-01 19:07:34,339 - db_helper - INFO - MySQL connection established
2025-05-01 19:07:34,339 - db_helper - INFO - Details fetched for date 2024-08-07
2025-05-01 19:07:34,340 - db_helper - DEBUG - Query result [{'id': 262, 'expense_date': datetime.date(2024, 8, 7), 'amount': 1200.0, 'category': 'Shopping', 'notes': 'bought a Parker pen'}, {'id': 263, 'expense_date': datetime.date(2024, 8, 7), 'amount': 111.0, 'category': 'Other', 'notes': 'bmw car'}]
2025-05-01 19:07:34,366 - db_helper - INFO - MySQL connection established
2025-05-01 19:10:34,072 - db_helper - INFO - MySQL connection established
2025-05-01 19:10:34,072 - db_helper - INFO - Details fetched for date 2024-08-07
2025-05-01 19:10:34,073 - db_helper - DEBUG - Query result [{'id': 262, 'expense_date': datetime.date(2024, 8, 7), 'amount': 1200.0, 'category': 'Shopping', 'notes': 'bought a Parker pen'}, {'id': 263, 'expense_date': datetime.date(2024, 8, 7), 'amount': 111.0, 'category': 'Other', 'notes': 'bmw car'}]
2025-05-01 19:10:34,104 - db_helper - INFO - MySQL connection established
2025-05-01 19:10:34,106 - db_helper - ERROR - Database error: 1054 (42S22): Unknown column 'total_expense' in 'order clause'
2025-05-01 19:10:47,986 - db_helper - INFO - MySQL connection established
2025-05-01 19:10:47,986 - db_helper - INFO - Details fetched for date 2024-08-07
2025-05-01 19:10:47,987 - db_helper - DEBUG - Query result [{'id': 262, 'expense_date': datetime.date(2024, 8, 7), 'amount': 1200.0, 'category': 'Shopping', 'notes': 'bought a Parker pen'}, {'id': 263, 'expense_date': datetime.date(2024, 8, 7), 'amount': 111.0, 'category': 'Other', 'notes': 'bmw car'}]
2025-05-01 19:10:48,007 - db_helper - INFO - MySQL connection established
2025-05-01 19:10:48,007 - db_helper - ERROR - Database error: 1054 (42S22): Unknown column 'total_expense' in 'order clause'
2025-05-01 19:11:14,133 - db_helper - INFO - MySQL connection established
2025-05-01 19:11:14,133 - db_helper - INFO - Details fetched for date 2024-08-07
2025-05-01 19:11:14,134 - db_helper - DEBUG - Query result [{'id': 262, 'expense_date': datetime.date(2024, 8, 7), 'amount': 1200.0, 'category': 'Shopping', 'notes': 'bought a Parker pen'}, {'id': 263, 'expense_date': datetime.date(2024, 8, 7), 'amount': 111.0, 'category': 'Other', 'notes': 'bmw car'}]
2025-05-01 19:11:14,151 - db_helper - INFO - MySQL connection established
2025-05-01 19:11:28,012 - db_helper - INFO - MySQL connection established
2025-05-01 19:11:28,012 - db_helper - INFO - Details fetched for date 2024-08-07
2025-05-01 19:11:28,013 - db_helper - DEBUG - Query result [{'id': 262, 'expense_date': datetime.date(2024, 8, 7), 'amount': 1200.0, 'category': 'Shopping', 'notes': 'bought a Parker pen'}, {'id': 263, 'expense_date': datetime.date(2024, 8, 7), 'amount': 111.0, 'category': 'Other', 'notes': 'bmw car'}]
2025-05-01 19:11:28,956 - db_helper - INFO - MySQL connection established
2025-05-01 19:11:28,957 - db_helper - INFO - Details fetched for date 2024-08-07
2025-05-01 19:11:28,957 - db_helper - DEBUG - Query result [{'id': 262, 'expense_date': datetime.date(2024, 8, 7), 'amount': 1200.0, 'category': 'Shopping', 'notes': 'bought a Parker pen'}, {'id': 263, 'expense_date': datetime.date(2024, 8, 7), 'amount': 111.0, 'category': 'Other', 'notes': 'bmw car'}]
2025-05-01 19:11:28,986 - db_helper - INFO - MySQL connection established
2025-05-01 19:11:51,171 - db_helper - INFO - MySQL connection established
2025-05-01 19:11:51,171 - db_helper - INFO - Details fetched for date 2024-08-07
2025-05-01 19:11:51,172 - db_helper - DEBUG - Query result [{'id': 262, 'expense_date': datetime.date(2024, 8, 7), 'amount': 1200.0, 'category': 'Shopping', 'notes': 'bought a Parker pen'}, {'id': 263, 'expense_date': datetime.date(2024, 8, 7), 'amount': 111.0, 'category': 'Other', 'notes': 'bmw car'}]
2025-05-01 19:11:51,198 - db_helper - INFO - MySQL connection established
2025-05-01 19:12:44,785 - db_helper - INFO - MySQL connection established
2025-05-01 19:12:44,786 - db_helper - INFO - Details fetched for date 2024-08-07
2025-05-01 19:12:44,787 - db_helper - DEBUG - Query result [{'id': 262, 'expense_date': datetime.date(2024, 8, 7), 'amount': 1200.0, 'category': 'Shopping', 'notes': 'bought a Parker pen'}, {'id': 263, 'expense_date': datetime.date(2024, 8, 7), 'amount': 111.0, 'category': 'Other', 'notes': 'bmw car'}]
2025-05-01 19:12:45,687 - db_helper - INFO - MySQL connection established
2025-05-01 19:12:45,687 - db_helper - INFO - Details fetched for date 2024-08-07
2025-05-01 19:12:45,688 - db_helper - DEBUG - Query result [{'id': 262, 'expense_date': datetime.date(2024, 8, 7), 'amount': 1200.0, 'category': 'Shopping', 'notes': 'bought a Parker pen'}, {'id': 263, 'expense_date': datetime.date(2024, 8, 7), 'amount': 111.0, 'category': 'Other', 'notes': 'bmw car'}]
2025-05-01 19:12:45,716 - db_helper - INFO - MySQL connection established
2025-05-01 19:13:38,144 - db_helper - INFO - MySQL connection established
2025-05-01 19:13:38,145 - db_helper - INFO - Details fetched for date 2024-08-07
2025-05-01 19:13:38,145 - db_helper - DEBUG - Query result [{'id': 262, 'expense_date': datetime.date(2024, 8, 7), 'amount': 1200.0, 'category': 'Shopping', 'notes': 'bought a Parker pen'}, {'id': 263, 'expense_date': datetime.date(2024, 8, 7), 'amount': 111.0, 'category': 'Other', 'notes': 'bmw car'}]
2025-05-01 19:13:39,088 - db_helper - INFO - MySQL connection established
2025-05-01 19:13:39,088 - db_helper - INFO - Details fetched for date 2024-08-07
2025-05-01 19:13:39,089 - db_helper - DEBUG - Query result [{'id': 262, 'expense_date': datetime.date(2024, 8, 7), 'amount': 1200.0, 'category': 'Shopping', 'notes': 'bought a Parker pen'}, {'id': 263, 'expense_date': datetime.date(2024, 8, 7), 'amount': 111.0, 'category': 'Other', 'notes': 'bmw car'}]
2025-05-01 19:13:39,118 - db_helper - INFO - MySQL connection established
2025-05-01 19:15:11,681 - db_helper - INFO - MySQL connection established
2025-05-01 19:15:11,681 - db_helper - INFO - Details fetched for date 2024-08-07
2025-05-01 19:15:11,682 - db_helper - DEBUG - Query result [{'id': 262, 'expense_date': datetime.date(2024, 8, 7), 'amount': 1200.0, 'category': 'Shopping', 'notes': 'bought a Parker pen'}, {'id': 263, 'expense_date': datetime.date(2024, 8, 7), 'amount': 111.0, 'category': 'Other', 'notes': 'bmw car'}]
2025-05-01 19:15:12,538 - db_helper - INFO - MySQL connection established
2025-05-01 19:15:12,539 - db_helper - INFO - Details fetched for date 2024-08-07
2025-05-01 19:15:12,539 - db_helper - DEBUG - Query result [{'id': 262, 'expense_date': datetime.date(2024, 8, 7), 'amount': 1200.0, 'category': 'Shopping', 'notes': 'bought a Parker pen'}, {'id': 263, 'expense_date': datetime.date(2024, 8, 7), 'amount': 111.0, 'category': 'Other', 'notes': 'bmw car'}]
2025-05-01 19:15:12,568 - db_helper - INFO - MySQL connection established
2025-05-01 19:19:19,174 - db_helper - INFO - MySQL connection established
2025-05-01 19:19:19,174 - db_helper - INFO - Details fetched for date 2024-08-07
2025-05-01 19:19:19,190 - db_helper - DEBUG - Query result [{'id': 262, 'expense_date': datetime.date(2024, 8, 7), 'amount': 1200.0, 'category': 'Shopping', 'notes': 'bought a Parker pen'}, {'id': 263, 'expense_date': datetime.date(2024, 8, 7), 'amount': 111.0, 'category': 'Other', 'notes': 'bmw car'}]
2025-05-01 19:19:20,258 - db_helper - INFO - MySQL connection established
2025-05-01 19:19:20,258 - db_helper - INFO - Details fetched for date 2024-08-07
2025-05-01 19:19:20,259 - db_helper - DEBUG - Query result [{'id': 262, 'expense_date': datetime.date(2024, 8, 7), 'amount': 1200.0, 'category': 'Shopping', 'notes': 'bought a Parker pen'}, {'id': 263, 'expense_date': datetime.date(2024, 8, 7), 'amount': 111.0, 'category': 'Other', 'notes': 'bmw car'}]
2025-05-01 19:19:20,286 - db_helper - INFO - MySQL connection established
2025-05-01 19:19:43,747 - db_helper - INFO - MySQL connection established
2025-05-01 19:19:43,748 - db_helper - INFO - Details fetched for date 2024-08-07
2025-05-01 19:19:43,749 - db_helper - DEBUG - Query result [{'id': 262, 'expense_date': datetime.date(2024, 8, 7), 'amount': 1200.0, 'category': 'Shopping', 'notes': 'bought a Parker pen'}, {'id': 263, 'expense_date': datetime.date(2024, 8, 7), 'amount': 111.0, 'category': 'Other', 'notes': 'bmw car'}]
2025-05-01 19:19:44,658 - db_helper - INFO - MySQL connection established
2025-05-01 19:19:44,658 - db_helper - INFO - Details fetched for date 2024-08-07
2025-05-01 19:19:44,659 - db_helper - DEBUG - Query result [{'id': 262, 'expense_date': datetime.date(2024, 8, 7), 'amount': 1200.0, 'category': 'Shopping', 'notes': 'bought a Parker pen'}, {'id': 263, 'expense_date': datetime.date(2024, 8, 7), 'amount': 111.0, 'category': 'Other', 'notes': 'bmw car'}]
2025-05-01 19:19:44,688 - db_helper - INFO - MySQL connection established
2025-05-01 19:20:25,552 - db_helper - INFO - MySQL connection established
2025-05-01 19:20:25,553 - db_helper - INFO - Details fetched for date 2024-08-07
2025-05-01 19:20:25,554 - db_helper - DEBUG - Query result [{'id': 262, 'expense_date': datetime.date(2024, 8, 7), 'amount': 1200.0, 'category': 'Shopping', 'notes': 'bought a Parker pen'}, {'id': 263, 'expense_date': datetime.date(2024, 8, 7), 'amount': 111.0, 'category': 'Other', 'notes': 'bmw car'}]
2025-05-01 19:20:26,528 - db_helper - INFO - MySQL connection established
2025-05-01 19:20:26,528 - db_helper - INFO - Details fetched for date 2024-08-07
2025-05-01 19:20:26,529 - db_helper - DEBUG - Query result [{'id': 262, 'expense_date': datetime.date(2024, 8, 7), 'amount': 1200.0, 'category': 'Shopping', 'notes': 'bought a Parker pen'}, {'id': 263, 'expense_date': datetime.date(2024, 8, 7), 'amount': 111.0, 'category': 'Other', 'notes': 'bmw car'}]
2025-05-01 19:20:26,556 - db_helper - INFO - MySQL connection established
2025-05-01 19:21:37,680 - db_helper - INFO - MySQL connection established
2025-05-01 19:21:37,681 - db_helper - INFO - Details fetched for date 2024-08-07
2025-05-01 19:21:37,682 - db_helper - DEBUG - Query result [{'id': 262, 'expense_date': datetime.date(2024, 8, 7), 'amount': 1200.0, 'category': 'Shopping', 'notes': 'bought a Parker pen'}, {'id': 263, 'expense_date': datetime.date(2024, 8, 7), 'amount': 111.0, 'category': 'Other', 'notes': 'bmw car'}]
2025-05-01 19:21:38,579 - db_helper - INFO - MySQL connection established
2025-05-01 19:21:38,579 - db_helper - INFO - Details fetched for date 2024-08-07
2025-05-01 19:21:38,580 - db_helper - DEBUG - Query result [{'id': 262, 'expense_date': datetime.date(2024, 8, 7), 'amount': 1200.0, 'category': 'Shopping', 'notes': 'bought a Parker pen'}, {'id': 263, 'expense_date': datetime.date(2024, 8, 7), 'amount': 111.0, 'category': 'Other', 'notes': 'bmw car'}]
2025-05-01 19:21:38,610 - db_helper - INFO - MySQL connection established
2025-05-01 19:22:18,779 - db_helper - INFO - MySQL connection established
2025-05-01 19:22:18,780 - db_helper - INFO - Details fetched for date 2024-08-07
2025-05-01 19:22:18,780 - db_helper - DEBUG - Query result [{'id': 262, 'expense_date': datetime.date(2024, 8, 7), 'amount': 1200.0, 'category': 'Shopping', 'notes': 'bought a Parker pen'}, {'id': 263, 'expense_date': datetime.date(2024, 8, 7), 'amount': 111.0, 'category': 'Other', 'notes': 'bmw car'}]
2025-05-01 19:22:19,629 - db_helper - INFO - MySQL connection established
2025-05-01 19:22:19,629 - db_helper - INFO - Details fetched for date 2024-08-07
2025-05-01 19:22:19,630 - db_helper - DEBUG - Query result [{'id': 262, 'expense_date': datetime.date(2024, 8, 7), 'amount': 1200.0, 'category': 'Shopping', 'notes': 'bought a Parker pen'}, {'id': 263, 'expense_date': datetime.date(2024, 8, 7), 'amount': 111.0, 'category': 'Other', 'notes': 'bmw car'}]
2025-05-01 19:22:19,659 - db_helper - INFO - MySQL connection established
2025-05-01 19:25:02,714 - db_helper - INFO - MySQL connection established
2025-05-01 19:25:02,715 - db_helper - INFO - Details fetched for date 2024-08-07
2025-05-01 19:25:02,717 - db_helper - DEBUG - Query result [{'id': 262, 'expense_date': datetime.date(2024, 8, 7), 'amount': 1200.0, 'category': 'Shopping', 'notes': 'bought a Parker pen'}, {'id': 263, 'expense_date': datetime.date(2024, 8, 7), 'amount': 111.0, 'category': 'Other', 'notes': 'bmw car'}]
2025-05-01 19:25:03,566 - db_helper - INFO - MySQL connection established
2025-05-01 19:25:03,566 - db_helper - INFO - Details fetched for date 2024-08-07
2025-05-01 19:25:03,567 - db_helper - DEBUG - Query result [{'id': 262, 'expense_date': datetime.date(2024, 8, 7), 'amount': 1200.0, 'category': 'Shopping', 'notes': 'bought a Parker pen'}, {'id': 263, 'expense_date': datetime.date(2024, 8, 7), 'amount': 111.0, 'category': 'Other', 'notes': 'bmw car'}]
2025-05-01 19:25:03,594 - db_helper - INFO - MySQL connection established
2025-05-01 19:26:16,486 - db_helper - INFO - MySQL connection established
2025-05-01 19:26:16,486 - db_helper - INFO - Details fetched for date 2024-08-07
2025-05-01 19:26:16,490 - db_helper - DEBUG - Query result [{'id': 262, 'expense_date': datetime.date(2024, 8, 7), 'amount': 1200.0, 'category': 'Shopping', 'notes': 'bought a Parker pen'}, {'id': 263, 'expense_date': datetime.date(2024, 8, 7), 'amount': 111.0, 'category': 'Other', 'notes': 'bmw car'}]
2025-05-01 19:26:17,280 - db_helper - INFO - MySQL connection established
2025-05-01 19:26:17,280 - db_helper - INFO - Details fetched for date 2024-08-07
2025-05-01 19:26:17,281 - db_helper - DEBUG - Query result [{'id': 262, 'expense_date': datetime.date(2024, 8, 7), 'amount': 1200.0, 'category': 'Shopping', 'notes': 'bought a Parker pen'}, {'id': 263, 'expense_date': datetime.date(2024, 8, 7), 'amount': 111.0, 'category': 'Other', 'notes': 'bmw car'}]
2025-05-01 19:26:17,309 - db_helper - INFO - MySQL connection established
2025-05-01 19:29:17,915 - db_helper - INFO - MySQL connection established
2025-05-01 19:29:17,915 - db_helper - INFO - Details fetched for date 2024-08-07
2025-05-01 19:29:17,916 - db_helper - DEBUG - Query result [{'id': 262, 'expense_date': datetime.date(2024, 8, 7), 'amount': 1200.0, 'category': 'Shopping', 'notes': 'bought a Parker pen'}, {'id': 263, 'expense_date': datetime.date(2024, 8, 7), 'amount': 111.0, 'category': 'Other', 'notes': 'bmw car'}]
2025-05-01 19:29:18,795 - db_helper - INFO - MySQL connection established
2025-05-01 19:29:18,796 - db_helper - INFO - Details fetched for date 2024-08-07
2025-05-01 19:29:18,796 - db_helper - DEBUG - Query result [{'id': 262, 'expense_date': datetime.date(2024, 8, 7), 'amount': 1200.0, 'category': 'Shopping', 'notes': 'bought a Parker pen'}, {'id': 263, 'expense_date': datetime.date(2024, 8, 7), 'amount': 111.0, 'category': 'Other', 'notes': 'bmw car'}]
2025-05-01 19:29:18,825 - db_helper - INFO - MySQL connection established
2025-05-02 11:27:00,247 - db_helper - INFO - MySQL connection established
2025-05-02 11:27:23,566 - db_helper - INFO - MySQL connection established
2025-05-02 11:27:46,293 - db_helper - INFO - MySQL connection established
2025-05-02 11:28:46,509 - db_helper - INFO - MySQL connection established
2025-05-02 11:31:06,933 - db_helper - INFO - MySQL connection established
2025-05-02 11:31:06,936 - db_helper - ERROR - Database error: 1055 (42000): Expression #1 of SELECT list is not in GROUP BY clause and contains nonaggregated column 'expense_manager.expenses.expense_date' which is not functionally dependent on columns in GROUP BY clause; this is incompatible with sql_mode=only_full_group_by
2025-05-02 11:31:15,583 - db_helper - INFO - MySQL connection established
2025-05-02 11:31:15,615 - db_helper - ERROR - Database error: 1305 (42000): FUNCTION expense_manager.month_name does not exist
2025-05-02 11:32:14,605 - db_helper - INFO - MySQL connection established
2025-05-02 11:32:40,039 - db_helper - INFO - MySQL connection established
2025-05-02 11:32:52,260 - db_helper - INFO - MySQL connection established
2025-05-02 11:39:24,204 - db_helper - INFO - MySQL connection established
2025-05-02 11:39:24,205 - db_helper - INFO - Details fetched for date 2024-08-07
2025-05-02 11:39:24,210 - db_helper - DEBUG - Query result [{'id': 262, 'expense_date': datetime.date(2024, 8, 7), 'amount': 1200.0, 'category': 'Shopping', 'notes': 'bought a Parker pen'}, {'id': 263, 'expense_date': datetime.date(2024, 8, 7), 'amount': 111.0, 'category': 'Other', 'notes': 'bmw car'}]
2025-05-02 11:40:30,435 - db_helper - INFO - MySQL connection established
2025-05-02 11:40:30,435 - db_helper - INFO - Details fetched for date 2024-08-07
2025-05-02 11:40:30,437 - db_helper - DEBUG - Query result [{'id': 262, 'expense_date': datetime.date(2024, 8, 7), 'amount': 1200.0, 'category': 'Shopping', 'notes': 'bought a Parker pen'}, {'id': 263, 'expense_date': datetime.date(2024, 8, 7), 'amount': 111.0, 'category': 'Other', 'notes': 'bmw car'}]
2025-05-02 11:40:40,483 - db_helper - INFO - MySQL connection established
2025-05-02 11:40:40,484 - db_helper - INFO - Details fetched for date 2024-08-07
2025-05-02 11:40:40,485 - db_helper - DEBUG - Query result [{'id': 262, 'expense_date': datetime.date(2024, 8, 7), 'amount': 1200.0, 'category': 'Shopping', 'notes': 'bought a Parker pen'}, {'id': 263, 'expense_date': datetime.date(2024, 8, 7), 'amount': 111.0, 'category': 'Other', 'notes': 'bmw car'}]
2025-05-02 11:40:40,522 - db_helper - INFO - MySQL connection established
2025-05-02 11:46:29,213 - db_helper - INFO - MySQL connection established
2025-05-02 11:46:29,215 - db_helper - INFO - Details fetched for date 2024-08-07
2025-05-02 11:46:29,217 - db_helper - DEBUG - Query result [{'id': 262, 'expense_date': datetime.date(2024, 8, 7), 'amount': 1200.0, 'category': 'Shopping', 'notes': 'bought a Parker pen'}, {'id': 263, 'expense_date': datetime.date(2024, 8, 7), 'amount': 111.0, 'category': 'Other', 'notes': 'bmw car'}]
2025-05-02 11:46:29,241 - db_helper - INFO - MySQL connection established
2025-05-02 11:47:35,495 - db_helper - INFO - MySQL connection established
2025-05-02 11:47:35,495 - db_helper - INFO - Details fetched for date 2024-08-07
2025-05-02 11:47:35,497 - db_helper - DEBUG - Query result [{'id': 262, 'expense_date': datetime.date(2024, 8, 7), 'amount': 1200.0, 'category': 'Shopping', 'notes': 'bought a Parker pen'}, {'id': 263, 'expense_date': datetime.date(2024, 8, 7), 'amount': 111.0, 'category': 'Other', 'notes': 'bmw car'}]
2025-05-02 11:47:35,522 - db_helper - INFO - MySQL connection established
2025-05-02 11:48:00,096 - db_helper - INFO - MySQL connection established
2025-05-02 11:48:00,099 - db_helper - INFO - Details fetched for date 2024-08-07
2025-05-02 11:48:00,100 - db_helper - DEBUG - Query result [{'id': 262, 'expense_date': datetime.date(2024, 8, 7), 'amount': 1200.0, 'category': 'Shopping', 'notes': 'bought a Parker pen'}, {'id': 263, 'expense_date': datetime.date(2024, 8, 7), 'amount': 111.0, 'category': 'Other', 'notes': 'bmw car'}]
2025-05-02 11:48:00,122 - db_helper - INFO - MySQL connection established
2025-05-02 11:48:23,368 - db_helper - INFO - MySQL connection established
2025-05-02 11:48:23,369 - db_helper - INFO - Details fetched for date 2024-08-07
2025-05-02 11:48:23,370 - db_helper - DEBUG - Query result [{'id': 262, 'expense_date': datetime.date(2024, 8, 7), 'amount': 1200.0, 'category': 'Shopping', 'notes': 'bought a Parker pen'}, {'id': 263, 'expense_date': datetime.date(2024, 8, 7), 'amount': 111.0, 'category': 'Other', 'notes': 'bmw car'}]
2025-05-02 11:48:23,402 - db_helper - INFO - MySQL connection established
2025-05-02 11:49:15,851 - db_helper - INFO - MySQL connection established
2025-05-02 11:49:15,851 - db_helper - INFO - Details fetched for date 2024-08-07
2025-05-02 11:49:15,852 - db_helper - DEBUG - Query result [{'id': 262, 'expense_date': datetime.date(2024, 8, 7), 'amount': 1200.0, 'category': 'Shopping', 'notes': 'bought a Parker pen'}, {'id': 263, 'expense_date': datetime.date(2024, 8, 7), 'amount': 111.0, 'category': 'Other', 'notes': 'bmw car'}]
2025-05-02 11:49:15,874 - db_helper - INFO - MySQL connection established
2025-05-02 11:49:38,507 - db_helper - INFO - MySQL connection established
2025-05-02 11:49:38,508 - db_helper - INFO - Details fetched for date 2024-08-07
2025-05-02 11:49:38,509 - db_helper - DEBUG - Query result [{'id': 262, 'expense_date': datetime.date(2024, 8, 7), 'amount': 1200.0, 'category': 'Shopping', 'notes': 'bought a Parker pen'}, {'id': 263, 'expense_date': datetime.date(2024, 8, 7), 'amount': 111.0, 'category': 'Other', 'notes': 'bmw car'}]
2025-05-02 11:49:38,534 - db_helper - INFO - MySQL connection established
2025-05-02 11:49:53,000 - db_helper - INFO - MySQL connection established
2025-05-02 11:49:53,001 - db_helper - INFO - Details fetched for date 2024-08-07
2025-05-02 11:49:53,002 - db_helper - DEBUG - Query result [{'id': 262, 'expense_date': datetime.date(2024, 8, 7), 'amount': 1200.0, 'category': 'Shopping', 'notes': 'bought a Parker pen'}, {'id': 263, 'expense_date': datetime.date(2024, 8, 7), 'amount': 111.0, 'category': 'Other', 'notes': 'bmw car'}]
2025-05-02 11:49:53,027 - db_helper - INFO - MySQL connection established
2025-05-02 11:50:11,146 - db_helper - INFO - MySQL connection established
2025-05-02 11:50:11,146 - db_helper - INFO - Details fetched for date 2024-08-07
2025-05-02 11:50:11,147 - db_helper - DEBUG - Query result [{'id': 262, 'expense_date': datetime.date(2024, 8, 7), 'amount': 1200.0, 'category': 'Shopping', 'notes': 'bought a Parker pen'}, {'id': 263, 'expense_date': datetime.date(2024, 8, 7), 'amount': 111.0, 'category': 'Other', 'notes': 'bmw car'}]
2025-05-02 11:50:11,172 - db_helper - INFO - MySQL connection established
2025-05-02 11:50:38,892 - db_helper - INFO - MySQL connection established
2025-05-02 11:50:38,893 - db_helper - INFO - Details fetched for date 2024-08-07
2025-05-02 11:50:38,894 - db_helper - DEBUG - Query result [{'id': 262, 'expense_date': datetime.date(2024, 8, 7), 'amount': 1200.0, 'category': 'Shopping', 'notes': 'bought a Parker pen'}, {'id': 263, 'expense_date': datetime.date(2024, 8, 7), 'amount': 111.0, 'category': 'Other', 'notes': 'bmw car'}]
2025-05-02 11:50:38,920 - db_helper - INFO - MySQL connection established
2025-05-02 11:50:53,753 - db_helper - INFO - MySQL connection established
2025-05-02 11:50:53,754 - db_helper - INFO - Details fetched for date 2024-08-07
2025-05-02 11:50:53,755 - db_helper - DEBUG - Query result [{'id': 262, 'expense_date': datetime.date(2024, 8, 7), 'amount': 1200.0, 'category': 'Shopping', 'notes': 'bought a Parker pen'}, {'id': 263, 'expense_date': datetime.date(2024, 8, 7), 'amount': 111.0, 'category': 'Other', 'notes': 'bmw car'}]
2025-05-02 11:50:53,792 - db_helper - INFO - MySQL connection established
2025-05-02 11:51:31,808 - db_helper - INFO - MySQL connection established
2025-05-02 11:51:31,809 - db_helper - INFO - Details fetched for date 2024-08-07
2025-05-02 11:51:31,810 - db_helper - DEBUG - Query result [{'id': 262, 'expense_date': datetime.date(2024, 8, 7), 'amount': 1200.0, 'category': 'Shopping', 'notes': 'bought a Parker pen'}, {'id': 263, 'expense_date': datetime.date(2024, 8, 7), 'amount': 111.0, 'category': 'Other', 'notes': 'bmw car'}]
2025-05-02 11:51:31,833 - db_helper - INFO - MySQL connection established
2025-05-02 11:53:37,022 - db_helper - INFO - MySQL connection established
2025-05-02 11:53:37,023 - db_helper - INFO - Details fetched for date 2024-08-07
2025-05-02 11:53:37,024 - db_helper - DEBUG - Query result [{'id': 262, 'expense_date': datetime.date(2024, 8, 7), 'amount': 1200.0, 'category': 'Shopping', 'notes': 'bought a Parker pen'}, {'id': 263, 'expense_date': datetime.date(2024, 8, 7), 'amount': 111.0, 'category': 'Other', 'notes': 'bmw car'}]
2025-05-02 11:53:37,048 - db_helper - INFO - MySQL connection established
2025-05-02 11:55:01,851 - db_helper - INFO - MySQL connection established
2025-05-02 11:55:01,852 - db_helper - INFO - Details fetched for date 2024-08-07
2025-05-02 11:55:01,853 - db_helper - DEBUG - Query result [{'id': 262, 'expense_date': datetime.date(2024, 8, 7), 'amount': 1200.0, 'category': 'Shopping', 'notes': 'bought a Parker pen'}, {'id': 263, 'expense_date': datetime.date(2024, 8, 7), 'amount': 111.0, 'category': 'Other', 'notes': 'bmw car'}]
2025-05-02 11:55:01,885 - db_helper - INFO - MySQL connection established
2025-05-02 11:55:16,172 - db_helper - INFO - MySQL connection established
2025-05-02 11:55:16,172 - db_helper - INFO - Details fetched for date 2024-08-07
2025-05-02 11:55:16,174 - db_helper - DEBUG - Query result [{'id': 262, 'expense_date': datetime.date(2024, 8, 7), 'amount': 1200.0, 'category': 'Shopping', 'notes': 'bought a Parker pen'}, {'id': 263, 'expense_date': datetime.date(2024, 8, 7), 'amount': 111.0, 'category': 'Other', 'notes': 'bmw car'}]
2025-05-02 11:55:16,194 - db_helper - INFO - MySQL connection established
2025-05-02 11:56:09,174 - db_helper - INFO - MySQL connection established
2025-05-02 11:56:09,175 - db_helper - INFO - Details fetched for date 2024-08-07
2025-05-02 11:56:09,184 - db_helper - DEBUG - Query result [{'id': 262, 'expense_date': datetime.date(2024, 8, 7), 'amount': 1200.0, 'category': 'Shopping', 'notes': 'bought a Parker pen'}, {'id': 263, 'expense_date': datetime.date(2024, 8, 7), 'amount': 111.0, 'category': 'Other', 'notes': 'bmw car'}]
2025-05-02 11:56:09,211 - db_helper - INFO - MySQL connection established
2025-05-02 11:57:52,784 - db_helper - INFO - MySQL connection established
2025-05-02 11:57:52,785 - db_helper - INFO - Details fetched for date 2024-08-07
2025-05-02 11:57:52,791 - db_helper - DEBUG - Query result [{'id': 262, 'expense_date': datetime.date(2024, 8, 7), 'amount': 1200.0, 'category': 'Shopping', 'notes': 'bought a Parker pen'}, {'id': 263, 'expense_date': datetime.date(2024, 8, 7), 'amount': 111.0, 'category': 'Other', 'notes': 'bmw car'}]
2025-05-02 11:57:52,837 - db_helper - INFO - MySQL connection established
2025-05-02 11:58:48,581 - db_helper - INFO - MySQL connection established
2025-05-02 11:58:48,582 - db_helper - INFO - Details fetched for date 2024-08-07
2025-05-02 11:58:48,583 - db_helper - DEBUG - Query result [{'id': 262, 'expense_date': datetime.date(2024, 8, 7), 'amount': 1200.0, 'category': 'Shopping', 'notes': 'bought a Parker pen'}, {'id': 263, 'expense_date': datetime.date(2024, 8, 7), 'amount': 111.0, 'category': 'Other', 'notes': 'bmw car'}]
2025-05-02 11:58:48,615 - db_helper - INFO - MySQL connection established
2025-05-02 11:59:07,959 - db_helper - INFO - MySQL connection established
2025-05-02 11:59:07,960 - db_helper - INFO - Details fetched for date 2024-08-07
2025-05-02 11:59:07,961 - db_helper - DEBUG - Query result [{'id': 262, 'expense_date': datetime.date(2024, 8, 7), 'amount': 1200.0, 'category': 'Shopping', 'notes': 'bought a Parker pen'}, {'id': 263, 'expense_date': datetime.date(2024, 8, 7), 'amount': 111.0, 'category': 'Other', 'notes': 'bmw car'}]
2025-05-02 11:59:07,988 - db_helper - INFO - MySQL connection established
2025-05-02 11:59:08,025 - db_helper - INFO - MySQL connection established
2025-05-02 12:02:03,103 - db_helper - INFO - MySQL connection established
2025-05-02 12:02:03,104 - db_helper - INFO - Details fetched for date 2025-05-02
2025-05-02 12:02:03,106 - db_helper - DEBUG - Query result []
2025-05-02 12:02:03,125 - db_helper - INFO - MySQL connection established
2025-05-02 12:02:18,464 - db_helper - INFO - MySQL connection established
2025-05-02 12:02:18,464 - db_helper - INFO - Details fetched for date 2025-05-02
2025-05-02 12:02:18,465 - db_helper - DEBUG - Query result []
2025-05-02 12:02:18,491 - db_helper - INFO - MySQL connection established
2025-05-02 12:02:18,495 - db_helper - INFO - Transaction Committed
2025-05-02 12:02:18,504 - db_helper - INFO - MySQL connection established
2025-05-02 12:02:18,515 - db_helper - INFO - Transaction Committed
2025-05-02 12:02:18,526 - db_helper - INFO - MySQL connection established
2025-05-02 12:02:39,573 - db_helper - INFO - MySQL connection established
2025-05-02 12:02:39,574 - db_helper - INFO - Details fetched for date 2025-05-02
2025-05-02 12:02:39,575 - db_helper - DEBUG - Query result [{'id': 264, 'expense_date': datetime.date(2025, 5, 2), 'amount': 50.0, 'category': 'Other', 'notes': 'Pen'}]
2025-05-02 12:02:39,597 - db_helper - INFO - MySQL connection established
2025-05-02 12:02:47,106 - db_helper - INFO - MySQL connection established
2025-05-02 12:02:47,106 - db_helper - INFO - Details fetched for date 2025-05-02
2025-05-02 12:02:47,107 - db_helper - DEBUG - Query result [{'id': 264, 'expense_date': datetime.date(2025, 5, 2), 'amount': 50.0, 'category': 'Other', 'notes': 'Pen'}]
2025-05-02 12:02:47,129 - db_helper - INFO - MySQL connection established
2025-05-02 12:02:48,210 - db_helper - INFO - MySQL connection established
2025-05-02 12:02:48,210 - db_helper - INFO - Details fetched for date 2025-05-02
2025-05-02 12:02:48,211 - db_helper - DEBUG - Query result [{'id': 264, 'expense_date': datetime.date(2025, 5, 2), 'amount': 50.0, 'category': 'Other', 'notes': 'Pen'}]
2025-05-02 12:05:37,026 - db_helper - INFO - MySQL connection established
2025-05-02 12:06:13,235 - db_helper - INFO - MySQL connection established
2025-05-02 12:06:13,235 - db_helper - INFO - Details fetched for date 2025-05-02
2025-05-02 12:06:13,235 - db_helper - DEBUG - Query result [{'id': 264, 'expense_date': datetime.date(2025, 5, 2), 'amount': 50.0, 'category': 'Other', 'notes': 'Pen'}]
2025-05-02 12:06:13,254 - db_helper - INFO - MySQL connection established
2025-05-02 12:06:14,668 - db_helper - INFO - MySQL connection established
2025-05-02 12:06:14,669 - db_helper - INFO - Details fetched for date 2025-05-02
2025-05-02 12:06:14,669 - db_helper - DEBUG - Query result [{'id': 264, 'expense_date': datetime.date(2025, 5, 2), 'amount': 50.0, 'category': 'Other', 'notes': 'Pen'}]
2025-05-02 12:06:14,701 - db_helper - INFO - MySQL connection established
2025-05-02 12:06:14,734 - db_helper - INFO - MySQL connection established
2025-05-02 12:06:34,543 - db_helper - INFO - MySQL connection established
2025-05-02 12:06:34,543 - db_helper - INFO - Details fetched for date 2025-05-02
2025-05-02 12:06:34,544 - db_helper - DEBUG - Query result [{'id': 264, 'expense_date': datetime.date(2025, 5, 2), 'amount': 50.0, 'category': 'Other', 'notes': 'Pen'}]
2025-05-02 12:06:34,568 - db_helper - INFO - MySQL connection established
2025-05-02 12:06:35,464 - db_helper - INFO - MySQL connection established
2025-05-02 12:06:35,464 - db_helper - INFO - Details fetched for date 2025-05-02
2025-05-02 12:06:35,464 - db_helper - DEBUG - Query result [{'id': 264, 'expense_date': datetime.date(2025, 5, 2), 'amount': 50.0, 'category': 'Other', 'notes': 'Pen'}]
2025-05-02 12:14:18,454 - db_helper - INFO - MySQL connection established
2025-05-02 12:14:18,455 - db_helper - INFO - Details fetched for date 2025-05-02
2025-05-02 12:14:18,458 - db_helper - DEBUG - Query result [{'id': 264, 'expense_date': datetime.date(2025, 5, 2), 'amount': 50.0, 'category': 'Other', 'notes': 'Pen'}]
2025-05-02 12:14:18,484 - db_helper - INFO - MySQL connection established
2025-05-02 12:14:19,458 - db_helper - INFO - MySQL connection established
2025-05-02 12:14:19,458 - db_helper - INFO - Details fetched for date 2025-05-02
2025-05-02 12:14:19,459 - db_helper - DEBUG - Query result [{'id': 264, 'expense_date': datetime.date(2025, 5, 2), 'amount': 50.0, 'category': 'Other', 'notes': 'Pen'}]
2025-05-02 12:14:47,229 - db_helper - INFO - MySQL connection established
2025-05-02 12:14:47,230 - db_helper - INFO - Details fetched for date 2025-05-02
2025-05-02 12:14:47,231 - db_helper - DEBUG - Query result [{'id': 264, 'expense_date': datetime.date(2025, 5, 2), 'amount': 50.0, 'category': 'Other', 'notes': 'Pen'}]
2025-05-02 12:14:47,258 - db_helper - INFO - MySQL connection established
2025-05-02 12:14:48,153 - db_helper - INFO - MySQL connection established
2025-05-02 12:14:48,153 - db_helper - INFO - Details fetched for date 2025-05-02
2025-05-02 12:14:48,154 - db_helper - DEBUG - Query result [{'id': 264, 'expense_date': datetime.date(2025, 5, 2), 'amount': 50.0, 'category': 'Other', 'notes': 'Pen'}]
2025-05-02 12:14:48,187 - db_helper - INFO - MySQL connection established
2025-05-02 12:15:25,702 - db_helper - INFO - MySQL connection established
2025-05-02 12:15:25,702 - db_helper - INFO - Details fetched for date 2025-05-02
2025-05-02 12:15:25,703 - db_helper - DEBUG - Query result [{'id': 264, 'expense_date': datetime.date(2025, 5, 2), 'amount': 50.0, 'category': 'Other', 'notes': 'Pen'}]
2025-05-02 12:15:25,725 - db_helper - INFO - MySQL connection established
2025-05-02 12:15:26,570 - db_helper - INFO - MySQL connection established
2025-05-02 12:15:26,571 - db_helper - INFO - Details fetched for date 2025-05-02
2025-05-02 12:15:26,571 - db_helper - DEBUG - Query result [{'id': 264, 'expense_date': datetime.date(2025, 5, 2), 'amount': 50.0, 'category': 'Other', 'notes': 'Pen'}]
2025-05-02 12:15:26,603 - db_helper - INFO - MySQL connection established
2025-05-02 12:15:57,003 - db_helper - INFO - MySQL connection established
2025-05-02 12:15:57,003 - db_helper - INFO - Details fetched for date 2025-05-02
2025-05-02 12:15:57,004 - db_helper - DEBUG - Query result [{'id': 264, 'expense_date': datetime.date(2025, 5, 2), 'amount': 50.0, 'category': 'Other', 'notes': 'Pen'}]
2025-05-02 12:15:57,025 - db_helper - INFO - MySQL connection established
2025-05-02 12:15:59,305 - db_helper - INFO - MySQL connection established
2025-05-02 12:15:59,305 - db_helper - INFO - Details fetched for date 2025-05-02
2025-05-02 12:15:59,306 - db_helper - DEBUG - Query result [{'id': 264, 'expense_date': datetime.date(2025, 5, 2), 'amount': 50.0, 'category': 'Other', 'notes': 'Pen'}]
2025-05-02 12:15:59,334 - db_helper - INFO - MySQL connection established
2025-05-02 12:16:46,076 - db_helper - INFO - MySQL connection established
2025-05-02 12:16:57,972 - db_helper - INFO - MySQL connection established
2025-05-02 12:16:57,973 - db_helper - INFO - Details fetched for date 2025-05-02
2025-05-02 12:16:57,974 - db_helper - DEBUG - Query result [{'id': 264, 'expense_date': datetime.date(2025, 5, 2), 'amount': 50.0, 'category': 'Other', 'notes': 'Pen'}]
2025-05-02 12:16:58,001 - db_helper - INFO - MySQL connection established
2025-05-02 12:18:56,349 - db_helper - INFO - MySQL connection established
2025-05-02 12:19:01,333 - db_helper - INFO - MySQL connection established
2025-05-02 12:19:01,334 - db_helper - INFO - Details fetched for date 2025-05-02
2025-05-02 12:19:01,334 - db_helper - DEBUG - Query result [{'id': 264, 'expense_date': datetime.date(2025, 5, 2), 'amount': 50.0, 'category': 'Other', 'notes': 'Pen'}]
2025-05-02 12:19:01,364 - db_helper - INFO - MySQL connection established
2025-05-02 12:19:02,241 - db_helper - INFO - MySQL connection established
2025-05-02 12:19:02,242 - db_helper - INFO - Details fetched for date 2025-05-02
2025-05-02 12:19:02,242 - db_helper - DEBUG - Query result [{'id': 264, 'expense_date': datetime.date(2025, 5, 2), 'amount': 50.0, 'category': 'Other', 'notes': 'Pen'}]
2025-05-02 12:19:02,273 - db_helper - INFO - MySQL connection established
2025-05-02 12:30:41,188 - db_helper - INFO - MySQL connection established
2025-05-02 12:30:41,189 - db_helper - INFO - Details fetched for date 2025-05-02
2025-05-02 12:30:41,205 - db_helper - DEBUG - Query result [{'id': 264, 'expense_date': datetime.date(2025, 5, 2), 'amount': 50.0, 'category': 'Other', 'notes': 'Pen'}]
2025-05-02 12:30:41,222 - db_helper - INFO - MySQL connection established
2025-05-02 12:30:42,266 - db_helper - INFO - MySQL connection established
2025-05-02 12:30:42,266 - db_helper - INFO - Details fetched for date 2025-05-02
2025-05-02 12:30:42,267 - db_helper - DEBUG - Query result [{'id': 264, 'expense_date': datetime.date(2025, 5, 2), 'amount': 50.0, 'category': 'Other', 'notes': 'Pen'}]
2025-05-02 12:30:42,300 - db_helper - INFO - MySQL connection established
2025-05-02 12:30:42,333 - db_helper - INFO - MySQL connection established
2025-05-02 12:31:37,651 - db_helper - INFO - MySQL connection established
2025-05-02 12:31:37,652 - db_helper - INFO - Details fetched for date 2025-05-02
2025-05-02 12:31:37,653 - db_helper - DEBUG - Query result [{'id': 264, 'expense_date': datetime.date(2025, 5, 2), 'amount': 50.0, 'category': 'Other', 'notes': 'Pen'}]
2025-05-02 12:31:37,673 - db_helper - INFO - MySQL connection established
2025-05-02 12:31:38,479 - db_helper - INFO - MySQL connection established
2025-05-02 12:31:38,479 - db_helper - INFO - Details fetched for date 2025-05-02
2025-05-02 12:31:38,479 - db_helper - DEBUG - Query result [{'id': 264, 'expense_date': datetime.date(2025, 5, 2), 'amount': 50.0, 'category': 'Other', 'notes': 'Pen'}]
2025-05-02 12:31:38,497 - db_helper - INFO - MySQL connection established
2025-05-02 12:31:41,257 - db_helper - INFO - MySQL connection established
2025-05-02 12:31:41,257 - db_helper - INFO - Details fetched for date 2025-05-02
2025-05-02 12:31:41,258 - db_helper - DEBUG - Query result [{'id': 264, 'expense_date': datetime.date(2025, 5, 2), 'amount': 50.0, 'category': 'Other', 'notes': 'Pen'}]
2025-05-02 12:31:41,280 - db_helper - INFO - MySQL connection established
2025-05-02 12:31:42,705 - db_helper - INFO - MySQL connection established
2025-05-02 12:31:42,705 - db_helper - INFO - Details fetched for date 2025-05-02
2025-05-02 12:31:42,706 - db_helper - DEBUG - Query result [{'id': 264, 'expense_date': datetime.date(2025, 5, 2), 'amount': 50.0, 'category': 'Other', 'notes': 'Pen'}]
2025-05-02 12:31:42,728 - db_helper - INFO - MySQL connection established
2025-05-02 12:31:43,517 - db_helper - INFO - MySQL connection established
2025-05-02 12:31:43,517 - db_helper - INFO - Details fetched for date 2025-05-02
2025-05-02 12:31:43,518 - db_helper - DEBUG - Query result [{'id': 264, 'expense_date': datetime.date(2025, 5, 2), 'amount': 50.0, 'category': 'Other', 'notes': 'Pen'}]
2025-05-02 12:31:43,547 - db_helper - INFO - MySQL connection established
2025-05-02 12:31:43,581 - db_helper - INFO - MySQL connection established
2025-05-02 12:31:52,345 - db_helper - INFO - MySQL connection established
2025-05-02 12:31:52,345 - db_helper - INFO - Details fetched for date 2025-05-02
2025-05-02 12:31:52,346 - db_helper - DEBUG - Query result [{'id': 264, 'expense_date': datetime.date(2025, 5, 2), 'amount': 50.0, 'category': 'Other', 'notes': 'Pen'}]
2025-05-02 12:31:52,373 - db_helper - INFO - MySQL connection established
2025-05-02 12:31:53,316 - db_helper - INFO - MySQL connection established
2025-05-02 12:31:53,316 - db_helper - INFO - Details fetched for date 2025-05-02
2025-05-02 12:31:53,317 - db_helper - DEBUG - Query result [{'id': 264, 'expense_date': datetime.date(2025, 5, 2), 'amount': 50.0, 'category': 'Other', 'notes': 'Pen'}]
2025-05-02 12:31:53,346 - db_helper - INFO - MySQL connection established
2025-05-02 12:31:53,380 - db_helper - INFO - MySQL connection established
2025-05-02 12:32:01,040 - db_helper - INFO - MySQL connection established
2025-05-02 12:32:01,040 - db_helper - INFO - Details fetched for date 2025-05-02
2025-05-02 12:32:01,041 - db_helper - DEBUG - Query result [{'id': 264, 'expense_date': datetime.date(2025, 5, 2), 'amount': 50.0, 'category': 'Other', 'notes': 'Pen'}]
2025-05-02 12:32:01,063 - db_helper - INFO - MySQL connection established
2025-05-02 12:32:02,255 - db_helper - INFO - MySQL connection established
2025-05-02 12:32:02,255 - db_helper - INFO - Details fetched for date 2025-05-02
2025-05-02 12:32:02,256 - db_helper - DEBUG - Query result [{'id': 264, 'expense_date': datetime.date(2025, 5, 2), 'amount': 50.0, 'category': 'Other', 'notes': 'Pen'}]
2025-05-02 12:32:02,282 - db_helper - INFO - MySQL connection established
2025-05-02 12:32:02,314 - db_helper - INFO - MySQL connection established
2025-05-02 12:32:24,656 - db_helper - INFO - MySQL connection established
2025-05-02 12:32:24,657 - db_helper - INFO - Details fetched for date 2025-05-01
2025-05-02 12:32:24,657 - db_helper - DEBUG - Query result []
2025-05-02 12:32:24,683 - db_helper - INFO - MySQL connection established
2025-05-02 12:32:35,165 - db_helper - INFO - MySQL connection established
2025-05-02 12:32:35,165 - db_helper - INFO - Details fetched for date 2025-05-01
2025-05-02 12:32:35,166 - db_helper - DEBUG - Query result []
2025-05-02 12:32:35,194 - db_helper - INFO - MySQL connection established
2025-05-02 12:32:35,227 - db_helper - INFO - MySQL connection established
2025-05-02 12:32:40,710 - db_helper - INFO - MySQL connection established
2025-05-02 12:32:40,710 - db_helper - INFO - Details fetched for date 2025-05-01
2025-05-02 12:32:40,711 - db_helper - DEBUG - Query result []
2025-05-02 12:32:40,734 - db_helper - INFO - MySQL connection established
2025-05-02 12:32:47,788 - db_helper - INFO - MySQL connection established
2025-05-02 12:32:47,789 - db_helper - INFO - Details fetched for date 2025-05-01
2025-05-02 12:32:47,789 - db_helper - DEBUG - Query result []
2025-05-02 12:32:47,813 - db_helper - INFO - MySQL connection established
2025-05-02 12:32:57,024 - db_helper - INFO - MySQL connection established
2025-05-02 12:32:57,025 - db_helper - INFO - Details fetched for date 2025-05-01
2025-05-02 12:32:57,025 - db_helper - DEBUG - Query result []
2025-05-02 12:32:57,050 - db_helper - INFO - MySQL connection established
2025-05-02 12:32:57,849 - db_helper - INFO - MySQL connection established
2025-05-02 12:32:57,849 - db_helper - INFO - Details fetched for date 2025-05-01
2025-05-02 12:32:57,850 - db_helper - DEBUG - Query result []
2025-05-02 12:32:57,878 - db_helper - INFO - MySQL connection established
2025-05-02 12:32:57,916 - db_helper - INFO - MySQL connection established
2025-05-02 13:11:44,343 - db_helper - INFO - MySQL connection established
2025-05-02 13:11:44,344 - db_helper - INFO - Details fetched for date 2025-08-01
2025-05-02 13:11:44,346 - db_helper - DEBUG - Query result [{'id': 254, 'expense_date': datetime.date(2025, 8, 1), 'amount': 1.0, 'category': 'sachin', 'notes': 'Monthly rent payment'}]
2025-05-02 13:12:12,324 - db_helper - INFO - MySQL connection established
2025-05-02 13:12:12,324 - db_helper - INFO - Details fetched for date 2025-05-01
2025-05-02 13:12:12,325 - db_helper - DEBUG - Query result []
2025-05-02 13:12:12,358 - db_helper - INFO - MySQL connection established
2025-05-02 13:12:17,603 - db_helper - INFO - MySQL connection established
2025-05-02 13:12:17,603 - db_helper - INFO - Details fetched for date 2025-05-10
2025-05-02 13:12:17,604 - db_helper - DEBUG - Query result []
2025-05-02 13:12:17,629 - db_helper - INFO - MySQL connection established
2025-05-02 13:15:13,801 - db_helper - INFO - MySQL connection established
2025-05-02 13:15:13,803 - db_helper - INFO - Details fetched for date 2025-02-21
2025-05-02 13:15:13,804 - db_helper - DEBUG - Query result []
2025-05-02 13:15:13,832 - db_helper - INFO - MySQL connection established
